8:C 17 Feb 2026 14:36:13.660 # oO0OoO0OoO0Oo Redis is starting oO0OoO0OoO0Oo
8:C 17 Feb 2026 14:36:13.660 # Redis version=7.0.15, bits=64, commit=00000000, modified=0, pid=8, just started
8:C 17 Feb 2026 14:36:13.660 # Configuration loaded
8:M 17 Feb 2026 14:36:13.660 * Increased maximum number of open files to 10032 (it was originally set to 1024).
8:M 17 Feb 2026 14:36:13.660 * monotonic clock: POSIX clock_gettime
8:M 17 Feb 2026 14:36:13.660 * Running mode=standalone, port=6379.
8:M 17 Feb 2026 14:36:13.661 # Server initialized
8:M 17 Feb 2026 14:36:13.661 # WARNING Memory overcommit must be enabled! Without it, a background save or replication may fail under low memory condition. Being disabled, it can can also cause failures without low memory condition, see https://github.com/jemalloc/jemalloc/issues/1328. To fix this issue add 'vm.overcommit_memory = 1' to /etc/sysctl.conf and then reboot or run the command 'sysctl vm.overcommit_memory=1' for this to take effect.
8:M 17 Feb 2026 14:36:13.675 * Creating AOF base file appendonly.aof.1.base.rdb on server start
8:M 17 Feb 2026 14:36:13.685 * Creating AOF incr file appendonly.aof.1.incr.aof on server start
8:M 17 Feb 2026 14:36:13.685 * Ready to accept connections
8:signal-handler (1771333917) Received SIGTERM scheduling shutdown...
8:M 17 Feb 2026 15:11:57.749 # User requested shutdown...
8:M 17 Feb 2026 15:11:57.749 * Calling fsync() on the AOF file.
8:M 17 Feb 2026 15:11:57.758 * Saving the final RDB snapshot before exiting.
8:M 17 Feb 2026 15:11:57.769 * DB saved on disk
8:M 17 Feb 2026 15:11:57.769 # Redis is now ready to exit, bye bye...
8:C 17 Feb 2026 15:12:35.370 # oO0OoO0OoO0Oo Redis is starting oO0OoO0OoO0Oo
8:C 17 Feb 2026 15:12:35.370 # Redis version=7.0.15, bits=64, commit=00000000, modified=0, pid=8, just started
8:C 17 Feb 2026 15:12:35.370 # Configuration loaded
8:M 17 Feb 2026 15:12:35.371 * Increased maximum number of open files to 10032 (it was originally set to 1024).
8:M 17 Feb 2026 15:12:35.371 * monotonic clock: POSIX clock_gettime
8:M 17 Feb 2026 15:12:35.371 * Running mode=standalone, port=6379.
8:M 17 Feb 2026 15:12:35.371 # Server initialized
8:M 17 Feb 2026 15:12:35.371 # WARNING Memory overcommit must be enabled! Without it, a background save or replication may fail under low memory condition. Being disabled, it can can also cause failures without low memory condition, see https://github.com/jemalloc/jemalloc/issues/1328. To fix this issue add 'vm.overcommit_memory = 1' to /etc/sysctl.conf and then reboot or run the command 'sysctl vm.overcommit_memory=1' for this to take effect.
8:M 17 Feb 2026 15:12:35.371 * Reading RDB base file on AOF loading...
8:M 17 Feb 2026 15:12:35.371 * Loading RDB produced by version 7.0.15
8:M 17 Feb 2026 15:12:35.371 * RDB age 2182 seconds
8:M 17 Feb 2026 15:12:35.371 * RDB memory usage when created 0.84 Mb
8:M 17 Feb 2026 15:12:35.371 * RDB is base AOF
8:M 17 Feb 2026 15:12:35.371 * Done loading RDB, keys loaded: 0, keys expired: 0.
8:M 17 Feb 2026 15:12:35.371 * DB loaded from base file appendonly.aof.1.base.rdb: 0.000 seconds
8:M 17 Feb 2026 15:12:35.371 * DB loaded from incr file appendonly.aof.1.incr.aof: 0.000 seconds
8:M 17 Feb 2026 15:12:35.371 * DB loaded from append only file: 0.000 seconds
8:M 17 Feb 2026 15:12:35.371 * Opening AOF incr file appendonly.aof.1.incr.aof on server start
8:M 17 Feb 2026 15:12:35.371 * Ready to accept connections
8:signal-handler (1771334046) Received SIGTERM scheduling shutdown...
8:M 17 Feb 2026 15:14:06.815 # User requested shutdown...
8:M 17 Feb 2026 15:14:06.815 * Calling fsync() on the AOF file.
8:M 17 Feb 2026 15:14:06.815 * Saving the final RDB snapshot before exiting.
8:M 17 Feb 2026 15:14:06.826 * DB saved on disk
8:M 17 Feb 2026 15:14:06.826 # Redis is now ready to exit, bye bye...
8:C 17 Feb 2026 15:14:58.966 # oO0OoO0OoO0Oo Redis is starting oO0OoO0OoO0Oo
8:C 17 Feb 2026 15:14:58.966 # Redis version=7.0.15, bits=64, commit=00000000, modified=0, pid=8, just started
8:C 17 Feb 2026 15:14:58.966 # Configuration loaded
8:M 17 Feb 2026 15:14:58.967 * Increased maximum number of open files to 10032 (it was originally set to 1024).
8:M 17 Feb 2026 15:14:58.967 * monotonic clock: POSIX clock_gettime
8:M 17 Feb 2026 15:14:58.967 * Running mode=standalone, port=6379.
8:M 17 Feb 2026 15:14:58.967 # Server initialized
8:M 17 Feb 2026 15:14:58.967 # WARNING Memory overcommit must be enabled! Without it, a background save or replication may fail under low memory condition. Being disabled, it can can also cause failures without low memory condition, see https://github.com/jemalloc/jemalloc/issues/1328. To fix this issue add 'vm.overcommit_memory = 1' to /etc/sysctl.conf and then reboot or run the command 'sysctl vm.overcommit_memory=1' for this to take effect.
8:M 17 Feb 2026 15:14:58.981 * Creating AOF base file appendonly.aof.1.base.rdb on server start
8:M 17 Feb 2026 15:14:58.991 * Creating AOF incr file appendonly.aof.1.incr.aof on server start
8:M 17 Feb 2026 15:14:58.991 * Ready to accept connections
8:signal-handler (1771334520) Received SIGTERM scheduling shutdown...
8:M 17 Feb 2026 15:22:00.109 # User requested shutdown...
8:M 17 Feb 2026 15:22:00.109 * Calling fsync() on the AOF file.
8:M 17 Feb 2026 15:22:00.117 * Saving the final RDB snapshot before exiting.
8:M 17 Feb 2026 15:22:00.128 * DB saved on disk
8:M 17 Feb 2026 15:22:00.128 # Redis is now ready to exit, bye bye...
8:C 17 Feb 2026 15:22:26.867 # oO0OoO0OoO0Oo Redis is starting oO0OoO0OoO0Oo
8:C 17 Feb 2026 15:22:26.867 # Redis version=7.0.15, bits=64, commit=00000000, modified=0, pid=8, just started
8:C 17 Feb 2026 15:22:26.867 # Configuration loaded
8:M 17 Feb 2026 15:22:26.867 * Increased maximum number of open files to 10032 (it was originally set to 1024).
8:M 17 Feb 2026 15:22:26.867 * monotonic clock: POSIX clock_gettime
8:M 17 Feb 2026 15:22:26.868 * Running mode=standalone, port=6379.
8:M 17 Feb 2026 15:22:26.868 # Server initialized
8:M 17 Feb 2026 15:22:26.868 # WARNING Memory overcommit must be enabled! Without it, a background save or replication may fail under low memory condition. Being disabled, it can can also cause failures without low memory condition, see https://github.com/jemalloc/jemalloc/issues/1328. To fix this issue add 'vm.overcommit_memory = 1' to /etc/sysctl.conf and then reboot or run the command 'sysctl vm.overcommit_memory=1' for this to take effect.
8:M 17 Feb 2026 15:22:26.882 * Creating AOF base file appendonly.aof.1.base.rdb on server start
8:M 17 Feb 2026 15:22:26.892 * Creating AOF incr file appendonly.aof.1.incr.aof on server start
8:M 17 Feb 2026 15:22:26.892 * Ready to accept connections
8:signal-handler (1771334850) Received SIGTERM scheduling shutdown...
8:M 17 Feb 2026 15:27:30.819 # User requested shutdown...
8:M 17 Feb 2026 15:27:30.819 * Calling fsync() on the AOF file.
8:M 17 Feb 2026 15:27:30.828 * Saving the final RDB snapshot before exiting.
8:M 17 Feb 2026 15:27:30.839 * DB saved on disk
8:M 17 Feb 2026 15:27:30.839 # Redis is now ready to exit, bye bye...
8:C 17 Feb 2026 15:27:36.853 # oO0OoO0OoO0Oo Redis is starting oO0OoO0OoO0Oo
8:C 17 Feb 2026 15:27:36.853 # Redis version=7.0.15, bits=64, commit=00000000, modified=0, pid=8, just started
8:C 17 Feb 2026 15:27:36.853 # Configuration loaded
8:M 17 Feb 2026 15:27:36.853 * Increased maximum number of open files to 10032 (it was originally set to 1024).
8:M 17 Feb 2026 15:27:36.853 * monotonic clock: POSIX clock_gettime
8:M 17 Feb 2026 15:27:36.854 * Running mode=standalone, port=6379.
8:M 17 Feb 2026 15:27:36.854 # Server initialized
8:M 17 Feb 2026 15:27:36.854 # WARNING Memory overcommit must be enabled! Without it, a background save or replication may fail under low memory condition. Being disabled, it can can also cause failures without low memory condition, see https://github.com/jemalloc/jemalloc/issues/1328. To fix this issue add 'vm.overcommit_memory = 1' to /etc/sysctl.conf and then reboot or run the command 'sysctl vm.overcommit_memory=1' for this to take effect.
8:M 17 Feb 2026 15:27:36.868 * Creating AOF base file appendonly.aof.1.base.rdb on server start
8:M 17 Feb 2026 15:27:36.878 * Creating AOF incr file appendonly.aof.1.incr.aof on server start
8:M 17 Feb 2026 15:27:36.878 * Ready to accept connections
8:signal-handler (1771335014) Received SIGTERM scheduling shutdown...
8:M 17 Feb 2026 15:30:14.505 # User requested shutdown...
8:M 17 Feb 2026 15:30:14.505 * Calling fsync() on the AOF file.
8:M 17 Feb 2026 15:30:14.513 * Saving the final RDB snapshot before exiting.
8:M 17 Feb 2026 15:30:14.524 * DB saved on disk
8:M 17 Feb 2026 15:30:14.524 # Redis is now ready to exit, bye bye...
8:C 17 Feb 2026 15:30:15.880 # oO0OoO0OoO0Oo Redis is starting oO0OoO0OoO0Oo
8:C 17 Feb 2026 15:30:15.880 # Redis version=7.0.15, bits=64, commit=00000000, modified=0, pid=8, just started
8:C 17 Feb 2026 15:30:15.880 # Configuration loaded
8:M 17 Feb 2026 15:30:15.880 * Increased maximum number of open files to 10032 (it was originally set to 1024).
8:M 17 Feb 2026 15:30:15.880 * monotonic clock: POSIX clock_gettime
8:M 17 Feb 2026 15:30:15.881 * Running mode=standalone, port=6379.
8:M 17 Feb 2026 15:30:15.881 # Server initialized
8:M 17 Feb 2026 15:30:15.881 # WARNING Memory overcommit must be enabled! Without it, a background save or replication may fail under low memory condition. Being disabled, it can can also cause failures without low memory condition, see https://github.com/jemalloc/jemalloc/issues/1328. To fix this issue add 'vm.overcommit_memory = 1' to /etc/sysctl.conf and then reboot or run the command 'sysctl vm.overcommit_memory=1' for this to take effect.
8:M 17 Feb 2026 15:30:15.881 * Reading RDB base file on AOF loading...
8:M 17 Feb 2026 15:30:15.881 * Loading RDB produced by version 7.0.15
8:M 17 Feb 2026 15:30:15.881 * RDB age 159 seconds
8:M 17 Feb 2026 15:30:15.881 * RDB memory usage when created 0.84 Mb
8:M 17 Feb 2026 15:30:15.881 * RDB is base AOF
8:M 17 Feb 2026 15:30:15.881 * Done loading RDB, keys loaded: 0, keys expired: 0.
8:M 17 Feb 2026 15:30:15.881 * DB loaded from base file appendonly.aof.1.base.rdb: 0.000 seconds
8:M 17 Feb 2026 15:30:15.881 * DB loaded from incr file appendonly.aof.1.incr.aof: 0.000 seconds
8:M 17 Feb 2026 15:30:15.881 * DB loaded from append only file: 0.000 seconds
8:M 17 Feb 2026 15:30:15.881 * Opening AOF incr file appendonly.aof.1.incr.aof on server start
8:M 17 Feb 2026 15:30:15.881 * Ready to accept connections
8:signal-handler (1771335499) Received SIGTERM scheduling shutdown...
8:M 17 Feb 2026 15:38:19.211 # User requested shutdown...
8:M 17 Feb 2026 15:38:19.211 * Calling fsync() on the AOF file.
8:M 17 Feb 2026 15:38:19.219 * Saving the final RDB snapshot before exiting.
8:M 17 Feb 2026 15:38:19.230 * DB saved on disk
8:M 17 Feb 2026 15:38:19.230 # Redis is now ready to exit, bye bye...
8:C 17 Feb 2026 15:38:21.200 # oO0OoO0OoO0Oo Redis is starting oO0OoO0OoO0Oo
8:C 17 Feb 2026 15:38:21.200 # Redis version=7.0.15, bits=64, commit=00000000, modified=0, pid=8, just started
8:C 17 Feb 2026 15:38:21.200 # Configuration loaded
8:M 17 Feb 2026 15:38:21.200 * Increased maximum number of open files to 10032 (it was originally set to 1024).
8:M 17 Feb 2026 15:38:21.200 * monotonic clock: POSIX clock_gettime
8:M 17 Feb 2026 15:38:21.201 * Running mode=standalone, port=6379.
8:M 17 Feb 2026 15:38:21.201 # Server initialized
8:M 17 Feb 2026 15:38:21.201 # WARNING Memory overcommit must be enabled! Without it, a background save or replication may fail under low memory condition. Being disabled, it can can also cause failures without low memory condition, see https://github.com/jemalloc/jemalloc/issues/1328. To fix this issue add 'vm.overcommit_memory = 1' to /etc/sysctl.conf and then reboot or run the command 'sysctl vm.overcommit_memory=1' for this to take effect.
8:M 17 Feb 2026 15:38:21.215 * Creating AOF base file appendonly.aof.1.base.rdb on server start
8:M 17 Feb 2026 15:38:21.225 * Creating AOF incr file appendonly.aof.1.incr.aof on server start
8:M 17 Feb 2026 15:38:21.225 * Ready to accept connections
8:signal-handler (1771336360) Received SIGTERM scheduling shutdown...
8:M 17 Feb 2026 15:52:40.494 # User requested shutdown...
8:M 17 Feb 2026 15:52:40.494 * Calling fsync() on the AOF file.
8:M 17 Feb 2026 15:52:40.495 * Saving the final RDB snapshot before exiting.
8:M 17 Feb 2026 15:52:40.506 * DB saved on disk
8:M 17 Feb 2026 15:52:40.506 # Redis is now ready to exit, bye bye...
8:C 17 Feb 2026 15:52:49.338 # oO0OoO0OoO0Oo Redis is starting oO0OoO0OoO0Oo
8:C 17 Feb 2026 15:52:49.338 # Redis version=7.0.15, bits=64, commit=00000000, modified=0, pid=8, just started
8:C 17 Feb 2026 15:52:49.338 # Configuration loaded
8:M 17 Feb 2026 15:52:49.338 * Increased maximum number of open files to 10032 (it was originally set to 1024).
8:M 17 Feb 2026 15:52:49.338 * monotonic clock: POSIX clock_gettime
8:M 17 Feb 2026 15:52:49.338 * Running mode=standalone, port=6379.
8:M 17 Feb 2026 15:52:49.338 # Server initialized
8:M 17 Feb 2026 15:52:49.338 # WARNING Memory overcommit must be enabled! Without it, a background save or replication may fail under low memory condition. Being disabled, it can can also cause failures without low memory condition, see https://github.com/jemalloc/jemalloc/issues/1328. To fix this issue add 'vm.overcommit_memory = 1' to /etc/sysctl.conf and then reboot or run the command 'sysctl vm.overcommit_memory=1' for this to take effect.
8:M 17 Feb 2026 15:52:49.352 * Creating AOF base file appendonly.aof.1.base.rdb on server start
8:M 17 Feb 2026 15:52:49.362 * Creating AOF incr file appendonly.aof.1.incr.aof on server start
8:M 17 Feb 2026 15:52:49.362 * Ready to accept connections
8:signal-handler (1771336454) Received SIGTERM scheduling shutdown...
8:M 17 Feb 2026 15:54:14.786 # User requested shutdown...
8:M 17 Feb 2026 15:54:14.786 * Calling fsync() on the AOF file.
8:M 17 Feb 2026 15:54:14.794 * Saving the final RDB snapshot before exiting.
8:M 17 Feb 2026 15:54:14.805 * DB saved on disk
8:M 17 Feb 2026 15:54:14.805 # Redis is now ready to exit, bye bye...
8:C 17 Feb 2026 15:54:17.045 # oO0OoO0OoO0Oo Redis is starting oO0OoO0OoO0Oo
8:C 17 Feb 2026 15:54:17.045 # Redis version=7.0.15, bits=64, commit=00000000, modified=0, pid=8, just started
8:C 17 Feb 2026 15:54:17.045 # Configuration loaded
8:M 17 Feb 2026 15:54:17.046 * Increased maximum number of open files to 10032 (it was originally set to 1024).
8:M 17 Feb 2026 15:54:17.046 * monotonic clock: POSIX clock_gettime
8:M 17 Feb 2026 15:54:17.046 * Running mode=standalone, port=6379.
8:M 17 Feb 2026 15:54:17.046 # Server initialized
8:M 17 Feb 2026 15:54:17.046 # WARNING Memory overcommit must be enabled! Without it, a background save or replication may fail under low memory condition. Being disabled, it can can also cause failures without low memory condition, see https://github.com/jemalloc/jemalloc/issues/1328. To fix this issue add 'vm.overcommit_memory = 1' to /etc/sysctl.conf and then reboot or run the command 'sysctl vm.overcommit_memory=1' for this to take effect.
8:M 17 Feb 2026 15:54:17.060 * Creating AOF base file appendonly.aof.1.base.rdb on server start
8:M 17 Feb 2026 15:54:17.070 * Creating AOF incr file appendonly.aof.1.incr.aof on server start
8:M 17 Feb 2026 15:54:17.070 * Ready to accept connections
8:signal-handler (1771336674) Received SIGTERM scheduling shutdown...
8:M 17 Feb 2026 15:57:54.732 # User requested shutdown...
8:M 17 Feb 2026 15:57:54.732 * Calling fsync() on the AOF file.
8:M 17 Feb 2026 15:57:54.740 * Saving the final RDB snapshot before exiting.
8:M 17 Feb 2026 15:57:54.752 * DB saved on disk
8:M 17 Feb 2026 15:57:54.752 # Redis is now ready to exit, bye bye...
8:C 17 Feb 2026 15:57:59.142 # oO0OoO0OoO0Oo Redis is starting oO0OoO0OoO0Oo
8:C 17 Feb 2026 15:57:59.142 # Redis version=7.0.15, bits=64, commit=00000000, modified=0, pid=8, just started
8:C 17 Feb 2026 15:57:59.142 # Configuration loaded
8:M 17 Feb 2026 15:57:59.143 * Increased maximum number of open files to 10032 (it was originally set to 1024).
8:M 17 Feb 2026 15:57:59.143 * monotonic clock: POSIX clock_gettime
8:M 17 Feb 2026 15:57:59.143 * Running mode=standalone, port=6379.
8:M 17 Feb 2026 15:57:59.143 # Server initialized
8:M 17 Feb 2026 15:57:59.143 # WARNING Memory overcommit must be enabled! Without it, a background save or replication may fail under low memory condition. Being disabled, it can can also cause failures without low memory condition, see https://github.com/jemalloc/jemalloc/issues/1328. To fix this issue add 'vm.overcommit_memory = 1' to /etc/sysctl.conf and then reboot or run the command 'sysctl vm.overcommit_memory=1' for this to take effect.
8:M 17 Feb 2026 15:57:59.157 * Creating AOF base file appendonly.aof.1.base.rdb on server start
8:M 17 Feb 2026 15:57:59.167 * Creating AOF incr file appendonly.aof.1.incr.aof on server start
8:M 17 Feb 2026 15:57:59.167 * Ready to accept connections
8:signal-handler (1771336703) Received SIGTERM scheduling shutdown...
8:M 17 Feb 2026 15:58:23.630 # User requested shutdown...
8:M 17 Feb 2026 15:58:23.631 * Calling fsync() on the AOF file.
8:M 17 Feb 2026 15:58:23.639 * Saving the final RDB snapshot before exiting.
8:M 17 Feb 2026 15:58:23.650 * DB saved on disk
8:M 17 Feb 2026 15:58:23.650 # Redis is now ready to exit, bye bye...
8:C 17 Feb 2026 15:58:25.911 # oO0OoO0OoO0Oo Redis is starting oO0OoO0OoO0Oo
8:C 17 Feb 2026 15:58:25.911 # Redis version=7.0.15, bits=64, commit=00000000, modified=0, pid=8, just started
8:C 17 Feb 2026 15:58:25.911 # Configuration loaded
8:M 17 Feb 2026 15:58:25.912 * Increased maximum number of open files to 10032 (it was originally set to 1024).
8:M 17 Feb 2026 15:58:25.912 * monotonic clock: POSIX clock_gettime
8:M 17 Feb 2026 15:58:25.912 * Running mode=standalone, port=6379.
8:M 17 Feb 2026 15:58:25.912 # Server initialized
8:M 17 Feb 2026 15:58:25.912 # WARNING Memory overcommit must be enabled! Without it, a background save or replication may fail under low memory condition. Being disabled, it can can also cause failures without low memory condition, see https://github.com/jemalloc/jemalloc/issues/1328. To fix this issue add 'vm.overcommit_memory = 1' to /etc/sysctl.conf and then reboot or run the command 'sysctl vm.overcommit_memory=1' for this to take effect.
8:M 17 Feb 2026 15:58:25.926 * Creating AOF base file appendonly.aof.1.base.rdb on server start
8:M 17 Feb 2026 15:58:25.936 * Creating AOF incr file appendonly.aof.1.incr.aof on server start
8:M 17 Feb 2026 15:58:25.936 * Ready to accept connections
8:signal-handler (1771337177) Received SIGTERM scheduling shutdown...
8:M 17 Feb 2026 16:06:17.264 # User requested shutdown...
8:M 17 Feb 2026 16:06:17.264 * Calling fsync() on the AOF file.
8:M 17 Feb 2026 16:06:17.273 * Saving the final RDB snapshot before exiting.
8:M 17 Feb 2026 16:06:17.284 * DB saved on disk
8:M 17 Feb 2026 16:06:17.285 # Redis is now ready to exit, bye bye...
8:C 17 Feb 2026 16:06:21.699 # oO0OoO0OoO0Oo Redis is starting oO0OoO0OoO0Oo
8:C 17 Feb 2026 16:06:21.699 # Redis version=7.0.15, bits=64, commit=00000000, modified=0, pid=8, just started
8:C 17 Feb 2026 16:06:21.699 # Configuration loaded
8:M 17 Feb 2026 16:06:21.699 * Increased maximum number of open files to 10032 (it was originally set to 1024).
8:M 17 Feb 2026 16:06:21.699 * monotonic clock: POSIX clock_gettime
8:M 17 Feb 2026 16:06:21.700 * Running mode=standalone, port=6379.
8:M 17 Feb 2026 16:06:21.700 # Server initialized
8:M 17 Feb 2026 16:06:21.700 # WARNING Memory overcommit must be enabled! Without it, a background save or replication may fail under low memory condition. Being disabled, it can can also cause failures without low memory condition, see https://github.com/jemalloc/jemalloc/issues/1328. To fix this issue add 'vm.overcommit_memory = 1' to /etc/sysctl.conf and then reboot or run the command 'sysctl vm.overcommit_memory=1' for this to take effect.
8:M 17 Feb 2026 16:06:21.714 * Creating AOF base file appendonly.aof.1.base.rdb on server start
8:M 17 Feb 2026 16:06:21.723 * Creating AOF incr file appendonly.aof.1.incr.aof on server start
8:M 17 Feb 2026 16:06:21.723 * Ready to accept connections
8:signal-handler (1771337400) Received SIGTERM scheduling shutdown...
8:M 17 Feb 2026 16:10:00.415 # User requested shutdown...
8:M 17 Feb 2026 16:10:00.415 * Calling fsync() on the AOF file.
8:M 17 Feb 2026 16:10:00.424 * Saving the final RDB snapshot before exiting.
8:M 17 Feb 2026 16:10:00.434 * DB saved on disk
8:M 17 Feb 2026 16:10:00.434 # Redis is now ready to exit, bye bye...
8:C 17 Feb 2026 16:10:04.718 # oO0OoO0OoO0Oo Redis is starting oO0OoO0OoO0Oo
8:C 17 Feb 2026 16:10:04.718 # Redis version=7.0.15, bits=64, commit=00000000, modified=0, pid=8, just started
8:C 17 Feb 2026 16:10:04.718 # Configuration loaded
8:M 17 Feb 2026 16:10:04.718 * Increased maximum number of open files to 10032 (it was originally set to 1024).
8:M 17 Feb 2026 16:10:04.718 * monotonic clock: POSIX clock_gettime
8:M 17 Feb 2026 16:10:04.718 * Running mode=standalone, port=6379.
8:M 17 Feb 2026 16:10:04.718 # Server initialized
8:M 17 Feb 2026 16:10:04.718 # WARNING Memory overcommit must be enabled! Without it, a background save or replication may fail under low memory condition. Being disabled, it can can also cause failures without low memory condition, see https://github.com/jemalloc/jemalloc/issues/1328. To fix this issue add 'vm.overcommit_memory = 1' to /etc/sysctl.conf and then reboot or run the command 'sysctl vm.overcommit_memory=1' for this to take effect.
8:M 17 Feb 2026 16:10:04.732 * Creating AOF base file appendonly.aof.1.base.rdb on server start
8:M 17 Feb 2026 16:10:04.743 * Creating AOF incr file appendonly.aof.1.incr.aof on server start
8:M 17 Feb 2026 16:10:04.743 * Ready to accept connections
8:M 17 Feb 2026 16:44:48.214 * 100 changes in 300 seconds. Saving...
8:M 17 Feb 2026 16:44:48.215 * Background saving started by pid 614
614:C 17 Feb 2026 16:44:48.227 * DB saved on disk
614:C 17 Feb 2026 16:44:48.227 * Fork CoW for RDB: current 0 MB, peak 0 MB, average 0 MB
8:M 17 Feb 2026 16:44:48.315 * Background saving terminated with success
8:M 17 Feb 2026 17:34:31.218 * 100 changes in 300 seconds. Saving...
8:M 17 Feb 2026 17:34:31.218 * Background saving started by pid 1308
1308:C 17 Feb 2026 17:34:31.229 * DB saved on disk
1308:C 17 Feb 2026 17:34:31.230 * Fork CoW for RDB: current 0 MB, peak 0 MB, average 0 MB
8:M 17 Feb 2026 17:34:31.319 * Background saving terminated with success
8:M 17 Feb 2026 18:34:32.024 * 1 changes in 3600 seconds. Saving...
8:M 17 Feb 2026 18:34:32.025 * Background saving started by pid 2148
2148:C 17 Feb 2026 18:34:32.045 * DB saved on disk
2148:C 17 Feb 2026 18:34:32.046 * Fork CoW for RDB: current 0 MB, peak 0 MB, average 0 MB
8:M 17 Feb 2026 18:34:32.125 * Background saving terminated with success
8:signal-handler (1771485205) Received SIGTERM scheduling shutdown...
8:M 19 Feb 2026 09:13:25.255 # User requested shutdown...
8:M 19 Feb 2026 09:13:25.255 * Calling fsync() on the AOF file.
8:M 19 Feb 2026 09:13:25.263 * Saving the final RDB snapshot before exiting.
8:M 19 Feb 2026 09:13:25.274 * DB saved on disk
8:M 19 Feb 2026 09:13:25.274 # Redis is now ready to exit, bye bye...
8:C 19 Feb 2026 09:13:31.565 # oO0OoO0OoO0Oo Redis is starting oO0OoO0OoO0Oo
8:C 19 Feb 2026 09:13:31.565 # Redis version=7.0.15, bits=64, commit=00000000, modified=0, pid=8, just started
8:C 19 Feb 2026 09:13:31.565 # Configuration loaded
8:M 19 Feb 2026 09:13:31.565 * Increased maximum number of open files to 10032 (it was originally set to 1024).
8:M 19 Feb 2026 09:13:31.565 * monotonic clock: POSIX clock_gettime
8:M 19 Feb 2026 09:13:31.566 * Running mode=standalone, port=6379.
8:M 19 Feb 2026 09:13:31.566 # Server initialized
8:M 19 Feb 2026 09:13:31.566 # WARNING Memory overcommit must be enabled! Without it, a background save or replication may fail under low memory condition. Being disabled, it can can also cause failures without low memory condition, see https://github.com/jemalloc/jemalloc/issues/1328. To fix this issue add 'vm.overcommit_memory = 1' to /etc/sysctl.conf and then reboot or run the command 'sysctl vm.overcommit_memory=1' for this to take effect.
8:M 19 Feb 2026 09:13:31.572 * Creating AOF base file appendonly.aof.1.base.rdb on server start
8:M 19 Feb 2026 09:13:31.582 * Creating AOF incr file appendonly.aof.1.incr.aof on server start
8:M 19 Feb 2026 09:13:31.582 * Ready to accept connections
8:signal-handler (1771485389) Received SIGTERM scheduling shutdown...
8:M 19 Feb 2026 09:16:29.220 # User requested shutdown...
8:M 19 Feb 2026 09:16:29.220 * Calling fsync() on the AOF file.
8:M 19 Feb 2026 09:16:29.229 * Saving the final RDB snapshot before exiting.
8:M 19 Feb 2026 09:16:29.239 * DB saved on disk
8:M 19 Feb 2026 09:16:29.239 # Redis is now ready to exit, bye bye...
8:C 19 Feb 2026 09:16:30.601 # oO0OoO0OoO0Oo Redis is starting oO0OoO0OoO0Oo
8:C 19 Feb 2026 09:16:30.601 # Redis version=7.0.15, bits=64, commit=00000000, modified=0, pid=8, just started
8:C 19 Feb 2026 09:16:30.601 # Configuration loaded
8:M 19 Feb 2026 09:16:30.601 * Increased maximum number of open files to 10032 (it was originally set to 1024).
8:M 19 Feb 2026 09:16:30.601 * monotonic clock: POSIX clock_gettime
8:M 19 Feb 2026 09:16:30.602 * Running mode=standalone, port=6379.
8:M 19 Feb 2026 09:16:30.602 # Server initialized
8:M 19 Feb 2026 09:16:30.602 # WARNING Memory overcommit must be enabled! Without it, a background save or replication may fail under low memory condition. Being disabled, it can can also cause failures without low memory condition, see https://github.com/jemalloc/jemalloc/issues/1328. To fix this issue add 'vm.overcommit_memory = 1' to /etc/sysctl.conf and then reboot or run the command 'sysctl vm.overcommit_memory=1' for this to take effect.
8:M 19 Feb 2026 09:16:30.602 * Reading RDB base file on AOF loading...
8:M 19 Feb 2026 09:16:30.602 * Loading RDB produced by version 7.0.15
8:M 19 Feb 2026 09:16:30.602 * RDB age 179 seconds
8:M 19 Feb 2026 09:16:30.602 * RDB memory usage when created 0.84 Mb
8:M 19 Feb 2026 09:16:30.602 * RDB is base AOF
8:M 19 Feb 2026 09:16:30.602 * Done loading RDB, keys loaded: 0, keys expired: 0.
8:M 19 Feb 2026 09:16:30.602 * DB loaded from base file appendonly.aof.1.base.rdb: 0.000 seconds
8:M 19 Feb 2026 09:16:30.602 * DB loaded from append only file: 0.000 seconds
8:M 19 Feb 2026 09:16:30.602 * Opening AOF incr file appendonly.aof.1.incr.aof on server start
8:M 19 Feb 2026 09:16:30.602 * Ready to accept connections
8:signal-handler (1771485518) Received SIGTERM scheduling shutdown...
8:M 19 Feb 2026 09:18:38.123 # User requested shutdown...
8:M 19 Feb 2026 09:18:38.123 * Calling fsync() on the AOF file.
8:M 19 Feb 2026 09:18:38.132 * Saving the final RDB snapshot before exiting.
8:M 19 Feb 2026 09:18:38.142 * DB saved on disk
8:M 19 Feb 2026 09:18:38.142 # Redis is now ready to exit, bye bye...
8:C 19 Feb 2026 09:19:01.670 # oO0OoO0OoO0Oo Redis is starting oO0OoO0OoO0Oo
8:C 19 Feb 2026 09:19:01.670 # Redis version=7.0.15, bits=64, commit=00000000, modified=0, pid=8, just started
8:C 19 Feb 2026 09:19:01.670 # Configuration loaded
8:M 19 Feb 2026 09:19:01.671 * Increased maximum number of open files to 10032 (it was originally set to 1024).
8:M 19 Feb 2026 09:19:01.671 * monotonic clock: POSIX clock_gettime
8:M 19 Feb 2026 09:19:01.671 * Running mode=standalone, port=6379.
8:M 19 Feb 2026 09:19:01.671 # Server initialized
8:M 19 Feb 2026 09:19:01.671 # WARNING Memory overcommit must be enabled! Without it, a background save or replication may fail under low memory condition. Being disabled, it can can also cause failures without low memory condition, see https://github.com/jemalloc/jemalloc/issues/1328. To fix this issue add 'vm.overcommit_memory = 1' to /etc/sysctl.conf and then reboot or run the command 'sysctl vm.overcommit_memory=1' for this to take effect.
8:M 19 Feb 2026 09:19:01.685 * Creating AOF base file appendonly.aof.1.base.rdb on server start
8:M 19 Feb 2026 09:19:01.695 * Creating AOF incr file appendonly.aof.1.incr.aof on server start
8:M 19 Feb 2026 09:19:01.695 * Ready to accept connections
8:signal-handler (1771487820) Received SIGTERM scheduling shutdown...
8:M 19 Feb 2026 09:57:00.222 # User requested shutdown...
8:M 19 Feb 2026 09:57:00.222 * Calling fsync() on the AOF file.
8:M 19 Feb 2026 09:57:00.231 * Saving the final RDB snapshot before exiting.
8:M 19 Feb 2026 09:57:00.242 * DB saved on disk
8:M 19 Feb 2026 09:57:00.242 # Redis is now ready to exit, bye bye...
8:C 19 Feb 2026 09:57:03.571 # oO0OoO0OoO0Oo Redis is starting oO0OoO0OoO0Oo
8:C 19 Feb 2026 09:57:03.571 # Redis version=7.0.15, bits=64, commit=00000000, modified=0, pid=8, just started
8:C 19 Feb 2026 09:57:03.571 # Configuration loaded
8:M 19 Feb 2026 09:57:03.572 * Increased maximum number of open files to 10032 (it was originally set to 1024).
8:M 19 Feb 2026 09:57:03.572 * monotonic clock: POSIX clock_gettime
8:M 19 Feb 2026 09:57:03.572 * Running mode=standalone, port=6379.
8:M 19 Feb 2026 09:57:03.572 # Server initialized
8:M 19 Feb 2026 09:57:03.572 # WARNING Memory overcommit must be enabled! Without it, a background save or replication may fail under low memory condition. Being disabled, it can can also cause failures without low memory condition, see https://github.com/jemalloc/jemalloc/issues/1328. To fix this issue add 'vm.overcommit_memory = 1' to /etc/sysctl.conf and then reboot or run the command 'sysctl vm.overcommit_memory=1' for this to take effect.
8:M 19 Feb 2026 09:57:03.586 * Creating AOF base file appendonly.aof.1.base.rdb on server start
8:M 19 Feb 2026 09:57:03.596 * Creating AOF incr file appendonly.aof.1.incr.aof on server start
8:M 19 Feb 2026 09:57:03.596 * Ready to accept connections
8:signal-handler (1771488088) Received SIGTERM scheduling shutdown...
8:M 19 Feb 2026 10:01:28.416 # User requested shutdown...
8:M 19 Feb 2026 10:01:28.416 * Calling fsync() on the AOF file.
8:M 19 Feb 2026 10:01:28.425 * Saving the final RDB snapshot before exiting.
8:M 19 Feb 2026 10:01:28.436 * DB saved on disk
8:M 19 Feb 2026 10:01:28.436 # Redis is now ready to exit, bye bye...
8:C 19 Feb 2026 10:01:31.841 # oO0OoO0OoO0Oo Redis is starting oO0OoO0OoO0Oo
8:C 19 Feb 2026 10:01:31.841 # Redis version=7.0.15, bits=64, commit=00000000, modified=0, pid=8, just started
8:C 19 Feb 2026 10:01:31.841 # Configuration loaded
8:M 19 Feb 2026 10:01:31.842 * Increased maximum number of open files to 10032 (it was originally set to 1024).
8:M 19 Feb 2026 10:01:31.842 * monotonic clock: POSIX clock_gettime
8:M 19 Feb 2026 10:01:31.842 * Running mode=standalone, port=6379.
8:M 19 Feb 2026 10:01:31.842 # Server initialized
8:M 19 Feb 2026 10:01:31.842 # WARNING Memory overcommit must be enabled! Without it, a background save or replication may fail under low memory condition. Being disabled, it can can also cause failures without low memory condition, see https://github.com/jemalloc/jemalloc/issues/1328. To fix this issue add 'vm.overcommit_memory = 1' to /etc/sysctl.conf and then reboot or run the command 'sysctl vm.overcommit_memory=1' for this to take effect.
8:M 19 Feb 2026 10:01:31.857 * Creating AOF base file appendonly.aof.1.base.rdb on server start
8:M 19 Feb 2026 10:01:31.866 * Creating AOF incr file appendonly.aof.1.incr.aof on server start
8:M 19 Feb 2026 10:01:31.866 * Ready to accept connections
8:signal-handler (1771488380) Received SIGTERM scheduling shutdown...
8:M 19 Feb 2026 10:06:20.735 # User requested shutdown...
8:M 19 Feb 2026 10:06:20.735 * Calling fsync() on the AOF file.
8:M 19 Feb 2026 10:06:20.744 * Saving the final RDB snapshot before exiting.
8:M 19 Feb 2026 10:06:20.754 * DB saved on disk
8:M 19 Feb 2026 10:06:20.754 # Redis is now ready to exit, bye bye...
8:C 19 Feb 2026 10:06:24.261 # oO0OoO0OoO0Oo Redis is starting oO0OoO0OoO0Oo
8:C 19 Feb 2026 10:06:24.261 # Redis version=7.0.15, bits=64, commit=00000000, modified=0, pid=8, just started
8:C 19 Feb 2026 10:06:24.261 # Configuration loaded
8:M 19 Feb 2026 10:06:24.261 * Increased maximum number of open files to 10032 (it was originally set to 1024).
8:M 19 Feb 2026 10:06:24.261 * monotonic clock: POSIX clock_gettime
8:M 19 Feb 2026 10:06:24.261 * Running mode=standalone, port=6379.
8:M 19 Feb 2026 10:06:24.261 # Server initialized
8:M 19 Feb 2026 10:06:24.261 # WARNING Memory overcommit must be enabled! Without it, a background save or replication may fail under low memory condition. Being disabled, it can can also cause failures without low memory condition, see https://github.com/jemalloc/jemalloc/issues/1328. To fix this issue add 'vm.overcommit_memory = 1' to /etc/sysctl.conf and then reboot or run the command 'sysctl vm.overcommit_memory=1' for this to take effect.
8:M 19 Feb 2026 10:06:24.268 * Creating AOF base file appendonly.aof.1.base.rdb on server start
8:M 19 Feb 2026 10:06:24.278 * Creating AOF incr file appendonly.aof.1.incr.aof on server start
8:M 19 Feb 2026 10:06:24.278 * Ready to accept connections
8:signal-handler (1771488463) Received SIGTERM scheduling shutdown...
8:M 19 Feb 2026 10:07:43.685 # User requested shutdown...
8:M 19 Feb 2026 10:07:43.685 * Calling fsync() on the AOF file.
8:M 19 Feb 2026 10:07:43.694 * Saving the final RDB snapshot before exiting.
8:M 19 Feb 2026 10:07:43.704 * DB saved on disk
8:M 19 Feb 2026 10:07:43.704 # Redis is now ready to exit, bye bye...
8:C 19 Feb 2026 10:07:47.174 # oO0OoO0OoO0Oo Redis is starting oO0OoO0OoO0Oo
8:C 19 Feb 2026 10:07:47.174 # Redis version=7.0.15, bits=64, commit=00000000, modified=0, pid=8, just started
8:C 19 Feb 2026 10:07:47.174 # Configuration loaded
8:M 19 Feb 2026 10:07:47.175 * Increased maximum number of open files to 10032 (it was originally set to 1024).
8:M 19 Feb 2026 10:07:47.175 * monotonic clock: POSIX clock_gettime
8:M 19 Feb 2026 10:07:47.175 * Running mode=standalone, port=6379.
8:M 19 Feb 2026 10:07:47.175 # Server initialized
8:M 19 Feb 2026 10:07:47.175 # WARNING Memory overcommit must be enabled! Without it, a background save or replication may fail under low memory condition. Being disabled, it can can also cause failures without low memory condition, see https://github.com/jemalloc/jemalloc/issues/1328. To fix this issue add 'vm.overcommit_memory = 1' to /etc/sysctl.conf and then reboot or run the command 'sysctl vm.overcommit_memory=1' for this to take effect.
8:M 19 Feb 2026 10:07:47.189 * Creating AOF base file appendonly.aof.1.base.rdb on server start
8:M 19 Feb 2026 10:07:47.199 * Creating AOF incr file appendonly.aof.1.incr.aof on server start
8:M 19 Feb 2026 10:07:47.199 * Ready to accept connections
8:signal-handler (1771488685) Received SIGTERM scheduling shutdown...
8:M 19 Feb 2026 10:11:25.881 # User requested shutdown...
8:M 19 Feb 2026 10:11:25.881 * Calling fsync() on the AOF file.
8:M 19 Feb 2026 10:11:25.889 * Saving the final RDB snapshot before exiting.
8:M 19 Feb 2026 10:11:25.900 * DB saved on disk
8:M 19 Feb 2026 10:11:25.900 # Redis is now ready to exit, bye bye...
8:C 19 Feb 2026 10:14:57.106 # oO0OoO0OoO0Oo Redis is starting oO0OoO0OoO0Oo
8:C 19 Feb 2026 10:14:57.106 # Redis version=7.0.15, bits=64, commit=00000000, modified=0, pid=8, just started
8:C 19 Feb 2026 10:14:57.106 # Configuration loaded
8:M 19 Feb 2026 10:14:57.107 * Increased maximum number of open files to 10032 (it was originally set to 1024).
8:M 19 Feb 2026 10:14:57.107 * monotonic clock: POSIX clock_gettime
8:M 19 Feb 2026 10:14:57.107 * Running mode=standalone, port=6379.
8:M 19 Feb 2026 10:14:57.107 # Server initialized
8:M 19 Feb 2026 10:14:57.107 # WARNING Memory overcommit must be enabled! Without it, a background save or replication may fail under low memory condition. Being disabled, it can can also cause failures without low memory condition, see https://github.com/jemalloc/jemalloc/issues/1328. To fix this issue add 'vm.overcommit_memory = 1' to /etc/sysctl.conf and then reboot or run the command 'sysctl vm.overcommit_memory=1' for this to take effect.
8:M 19 Feb 2026 10:14:57.121 * Creating AOF base file appendonly.aof.1.base.rdb on server start
8:M 19 Feb 2026 10:14:57.130 * Creating AOF incr file appendonly.aof.1.incr.aof on server start
8:M 19 Feb 2026 10:14:57.130 * Ready to accept connections
8:signal-handler (1771489061) Received SIGTERM scheduling shutdown...
8:M 19 Feb 2026 10:17:41.771 # User requested shutdown...
8:M 19 Feb 2026 10:17:41.771 * Calling fsync() on the AOF file.
8:M 19 Feb 2026 10:17:41.779 * Saving the final RDB snapshot before exiting.
8:M 19 Feb 2026 10:17:41.789 * DB saved on disk
8:M 19 Feb 2026 10:17:41.789 # Redis is now ready to exit, bye bye...
8:C 19 Feb 2026 10:17:45.237 # oO0OoO0OoO0Oo Redis is starting oO0OoO0OoO0Oo
8:C 19 Feb 2026 10:17:45.237 # Redis version=7.0.15, bits=64, commit=00000000, modified=0, pid=8, just started
8:C 19 Feb 2026 10:17:45.237 # Configuration loaded
8:M 19 Feb 2026 10:17:45.238 * Increased maximum number of open files to 10032 (it was originally set to 1024).
8:M 19 Feb 2026 10:17:45.238 * monotonic clock: POSIX clock_gettime
8:M 19 Feb 2026 10:17:45.238 * Running mode=standalone, port=6379.
8:M 19 Feb 2026 10:17:45.238 # Server initialized
8:M 19 Feb 2026 10:17:45.238 # WARNING Memory overcommit must be enabled! Without it, a background save or replication may fail under low memory condition. Being disabled, it can can also cause failures without low memory condition, see https://github.com/jemalloc/jemalloc/issues/1328. To fix this issue add 'vm.overcommit_memory = 1' to /etc/sysctl.conf and then reboot or run the command 'sysctl vm.overcommit_memory=1' for this to take effect.
8:M 19 Feb 2026 10:17:45.252 * Creating AOF base file appendonly.aof.1.base.rdb on server start
8:M 19 Feb 2026 10:17:45.263 * Creating AOF incr file appendonly.aof.1.incr.aof on server start
8:M 19 Feb 2026 10:17:45.263 * Ready to accept connections
8:signal-handler (1771489260) Received SIGTERM scheduling shutdown...
8:M 19 Feb 2026 10:21:00.985 # User requested shutdown...
8:M 19 Feb 2026 10:21:00.985 * Calling fsync() on the AOF file.
8:M 19 Feb 2026 10:21:00.994 * Saving the final RDB snapshot before exiting.
8:M 19 Feb 2026 10:21:01.005 * DB saved on disk
8:M 19 Feb 2026 10:21:01.005 # Redis is now ready to exit, bye bye...
8:C 19 Feb 2026 10:21:04.463 # oO0OoO0OoO0Oo Redis is starting oO0OoO0OoO0Oo
8:C 19 Feb 2026 10:21:04.463 # Redis version=7.0.15, bits=64, commit=00000000, modified=0, pid=8, just started
8:C 19 Feb 2026 10:21:04.463 # Configuration loaded
8:M 19 Feb 2026 10:21:04.463 * Increased maximum number of open files to 10032 (it was originally set to 1024).
8:M 19 Feb 2026 10:21:04.463 * monotonic clock: POSIX clock_gettime
8:M 19 Feb 2026 10:21:04.463 * Running mode=standalone, port=6379.
8:M 19 Feb 2026 10:21:04.463 # Server initialized
8:M 19 Feb 2026 10:21:04.463 # WARNING Memory overcommit must be enabled! Without it, a background save or replication may fail under low memory condition. Being disabled, it can can also cause failures without low memory condition, see https://github.com/jemalloc/jemalloc/issues/1328. To fix this issue add 'vm.overcommit_memory = 1' to /etc/sysctl.conf and then reboot or run the command 'sysctl vm.overcommit_memory=1' for this to take effect.
8:M 19 Feb 2026 10:21:04.477 * Creating AOF base file appendonly.aof.1.base.rdb on server start
8:M 19 Feb 2026 10:21:04.487 * Creating AOF incr file appendonly.aof.1.incr.aof on server start
8:M 19 Feb 2026 10:21:04.487 * Ready to accept connections
8:signal-handler (1771489341) Received SIGTERM scheduling shutdown...
8:M 19 Feb 2026 10:22:21.900 # User requested shutdown...
8:M 19 Feb 2026 10:22:21.900 * Calling fsync() on the AOF file.
8:M 19 Feb 2026 10:22:21.909 * Saving the final RDB snapshot before exiting.
8:M 19 Feb 2026 10:22:21.919 * DB saved on disk
8:M 19 Feb 2026 10:22:21.919 # Redis is now ready to exit, bye bye...
8:C 19 Feb 2026 10:22:42.323 # oO0OoO0OoO0Oo Redis is starting oO0OoO0OoO0Oo
8:C 19 Feb 2026 10:22:42.323 # Redis version=7.0.15, bits=64, commit=00000000, modified=0, pid=8, just started
8:C 19 Feb 2026 10:22:42.323 # Configuration loaded
8:M 19 Feb 2026 10:22:42.323 * Increased maximum number of open files to 10032 (it was originally set to 1024).
8:M 19 Feb 2026 10:22:42.323 * monotonic clock: POSIX clock_gettime
8:M 19 Feb 2026 10:22:42.324 * Running mode=standalone, port=6379.
8:M 19 Feb 2026 10:22:42.324 # Server initialized
8:M 19 Feb 2026 10:22:42.324 # WARNING Memory overcommit must be enabled! Without it, a background save or replication may fail under low memory condition. Being disabled, it can can also cause failures without low memory condition, see https://github.com/jemalloc/jemalloc/issues/1328. To fix this issue add 'vm.overcommit_memory = 1' to /etc/sysctl.conf and then reboot or run the command 'sysctl vm.overcommit_memory=1' for this to take effect.
8:M 19 Feb 2026 10:22:42.324 * Reading RDB base file on AOF loading...
8:M 19 Feb 2026 10:22:42.324 * Loading RDB produced by version 7.0.15
8:M 19 Feb 2026 10:22:42.324 * RDB age 98 seconds
8:M 19 Feb 2026 10:22:42.324 * RDB memory usage when created 0.84 Mb
8:M 19 Feb 2026 10:22:42.324 * RDB is base AOF
8:M 19 Feb 2026 10:22:42.324 * Done loading RDB, keys loaded: 0, keys expired: 0.
8:M 19 Feb 2026 10:22:42.324 * DB loaded from base file appendonly.aof.1.base.rdb: 0.000 seconds
8:M 19 Feb 2026 10:22:42.324 * DB loaded from append only file: 0.000 seconds
8:M 19 Feb 2026 10:22:42.324 * Opening AOF incr file appendonly.aof.1.incr.aof on server start
8:M 19 Feb 2026 10:22:42.324 * Ready to accept connections
8:signal-handler (1771489487) Received SIGTERM scheduling shutdown...
8:M 19 Feb 2026 10:24:47.841 # User requested shutdown...
8:M 19 Feb 2026 10:24:47.841 * Calling fsync() on the AOF file.
8:M 19 Feb 2026 10:24:47.850 * Saving the final RDB snapshot before exiting.
8:M 19 Feb 2026 10:24:47.860 * DB saved on disk
8:M 19 Feb 2026 10:24:47.860 # Redis is now ready to exit, bye bye...
8:C 19 Feb 2026 10:24:51.417 # oO0OoO0OoO0Oo Redis is starting oO0OoO0OoO0Oo
8:C 19 Feb 2026 10:24:51.417 # Redis version=7.0.15, bits=64, commit=00000000, modified=0, pid=8, just started
8:C 19 Feb 2026 10:24:51.417 # Configuration loaded
8:M 19 Feb 2026 10:24:51.417 * Increased maximum number of open files to 10032 (it was originally set to 1024).
8:M 19 Feb 2026 10:24:51.417 * monotonic clock: POSIX clock_gettime
8:M 19 Feb 2026 10:24:51.417 * Running mode=standalone, port=6379.
8:M 19 Feb 2026 10:24:51.418 # Server initialized
8:M 19 Feb 2026 10:24:51.418 # WARNING Memory overcommit must be enabled! Without it, a background save or replication may fail under low memory condition. Being disabled, it can can also cause failures without low memory condition, see https://github.com/jemalloc/jemalloc/issues/1328. To fix this issue add 'vm.overcommit_memory = 1' to /etc/sysctl.conf and then reboot or run the command 'sysctl vm.overcommit_memory=1' for this to take effect.
8:M 19 Feb 2026 10:24:51.423 * Creating AOF base file appendonly.aof.1.base.rdb on server start
8:M 19 Feb 2026 10:24:51.433 * Creating AOF incr file appendonly.aof.1.incr.aof on server start
8:M 19 Feb 2026 10:24:51.433 * Ready to accept connections
8:signal-handler (1771489834) Received SIGTERM scheduling shutdown...
8:M 19 Feb 2026 10:30:34.479 # User requested shutdown...
8:M 19 Feb 2026 10:30:34.479 * Calling fsync() on the AOF file.
8:M 19 Feb 2026 10:30:34.488 * Saving the final RDB snapshot before exiting.
8:M 19 Feb 2026 10:30:34.498 * DB saved on disk
8:M 19 Feb 2026 10:30:34.498 # Redis is now ready to exit, bye bye...
8:C 19 Feb 2026 10:30:52.083 # oO0OoO0OoO0Oo Redis is starting oO0OoO0OoO0Oo
8:C 19 Feb 2026 10:30:52.083 # Redis version=7.0.15, bits=64, commit=00000000, modified=0, pid=8, just started
8:C 19 Feb 2026 10:30:52.083 # Configuration loaded
8:M 19 Feb 2026 10:30:52.083 * Increased maximum number of open files to 10032 (it was originally set to 1024).
8:M 19 Feb 2026 10:30:52.083 * monotonic clock: POSIX clock_gettime
8:M 19 Feb 2026 10:30:52.084 * Running mode=standalone, port=6379.
8:M 19 Feb 2026 10:30:52.084 # Server initialized
8:M 19 Feb 2026 10:30:52.084 # WARNING Memory overcommit must be enabled! Without it, a background save or replication may fail under low memory condition. Being disabled, it can can also cause failures without low memory condition, see https://github.com/jemalloc/jemalloc/issues/1328. To fix this issue add 'vm.overcommit_memory = 1' to /etc/sysctl.conf and then reboot or run the command 'sysctl vm.overcommit_memory=1' for this to take effect.
8:M 19 Feb 2026 10:30:52.098 * Creating AOF base file appendonly.aof.1.base.rdb on server start
8:M 19 Feb 2026 10:30:52.109 * Creating AOF incr file appendonly.aof.1.incr.aof on server start
8:M 19 Feb 2026 10:30:52.109 * Ready to accept connections
8:signal-handler (1771490038) Received SIGTERM scheduling shutdown...
8:M 19 Feb 2026 10:33:58.820 # User requested shutdown...
8:M 19 Feb 2026 10:33:58.820 * Calling fsync() on the AOF file.
8:M 19 Feb 2026 10:33:58.829 * Saving the final RDB snapshot before exiting.
8:M 19 Feb 2026 10:33:58.840 * DB saved on disk
8:M 19 Feb 2026 10:33:58.840 # Redis is now ready to exit, bye bye...
8:C 19 Feb 2026 10:34:00.248 # oO0OoO0OoO0Oo Redis is starting oO0OoO0OoO0Oo
8:C 19 Feb 2026 10:34:00.248 # Redis version=7.0.15, bits=64, commit=00000000, modified=0, pid=8, just started
8:C 19 Feb 2026 10:34:00.248 # Configuration loaded
8:M 19 Feb 2026 10:34:00.248 * Increased maximum number of open files to 10032 (it was originally set to 1024).
8:M 19 Feb 2026 10:34:00.248 * monotonic clock: POSIX clock_gettime
8:M 19 Feb 2026 10:34:00.249 * Running mode=standalone, port=6379.
8:M 19 Feb 2026 10:34:00.249 # Server initialized
8:M 19 Feb 2026 10:34:00.249 # WARNING Memory overcommit must be enabled! Without it, a background save or replication may fail under low memory condition. Being disabled, it can can also cause failures without low memory condition, see https://github.com/jemalloc/jemalloc/issues/1328. To fix this issue add 'vm.overcommit_memory = 1' to /etc/sysctl.conf and then reboot or run the command 'sysctl vm.overcommit_memory=1' for this to take effect.
8:M 19 Feb 2026 10:34:00.249 * Reading RDB base file on AOF loading...
8:M 19 Feb 2026 10:34:00.249 * Loading RDB produced by version 7.0.15
8:M 19 Feb 2026 10:34:00.249 * RDB age 188 seconds
8:M 19 Feb 2026 10:34:00.249 * RDB memory usage when created 0.84 Mb
8:M 19 Feb 2026 10:34:00.249 * RDB is base AOF
8:M 19 Feb 2026 10:34:00.249 * Done loading RDB, keys loaded: 0, keys expired: 0.
8:M 19 Feb 2026 10:34:00.249 * DB loaded from base file appendonly.aof.1.base.rdb: 0.000 seconds
8:M 19 Feb 2026 10:34:00.249 * DB loaded from incr file appendonly.aof.1.incr.aof: 0.000 seconds
8:M 19 Feb 2026 10:34:00.249 * DB loaded from append only file: 0.000 seconds
8:M 19 Feb 2026 10:34:00.249 * Opening AOF incr file appendonly.aof.1.incr.aof on server start
8:M 19 Feb 2026 10:34:00.249 * Ready to accept connections
8:signal-handler (1771490234) Received SIGTERM scheduling shutdown...
8:M 19 Feb 2026 10:37:14.967 # User requested shutdown...
8:M 19 Feb 2026 10:37:14.967 * Calling fsync() on the AOF file.
8:M 19 Feb 2026 10:37:14.975 * Saving the final RDB snapshot before exiting.
8:M 19 Feb 2026 10:37:14.987 * DB saved on disk
8:M 19 Feb 2026 10:37:14.987 # Redis is now ready to exit, bye bye...
8:C 19 Feb 2026 10:37:24.673 # oO0OoO0OoO0Oo Redis is starting oO0OoO0OoO0Oo
8:C 19 Feb 2026 10:37:24.673 # Redis version=7.0.15, bits=64, commit=00000000, modified=0, pid=8, just started
8:C 19 Feb 2026 10:37:24.673 # Configuration loaded
8:M 19 Feb 2026 10:37:24.673 * Increased maximum number of open files to 10032 (it was originally set to 1024).
8:M 19 Feb 2026 10:37:24.673 * monotonic clock: POSIX clock_gettime
8:M 19 Feb 2026 10:37:24.674 * Running mode=standalone, port=6379.
8:M 19 Feb 2026 10:37:24.674 # Server initialized
8:M 19 Feb 2026 10:37:24.674 # WARNING Memory overcommit must be enabled! Without it, a background save or replication may fail under low memory condition. Being disabled, it can can also cause failures without low memory condition, see https://github.com/jemalloc/jemalloc/issues/1328. To fix this issue add 'vm.overcommit_memory = 1' to /etc/sysctl.conf and then reboot or run the command 'sysctl vm.overcommit_memory=1' for this to take effect.
8:M 19 Feb 2026 10:37:24.687 * Creating AOF base file appendonly.aof.1.base.rdb on server start
8:M 19 Feb 2026 10:37:24.697 * Creating AOF incr file appendonly.aof.1.incr.aof on server start
8:M 19 Feb 2026 10:37:24.697 * Ready to accept connections
8:signal-handler (1771490404) Received SIGTERM scheduling shutdown...
8:M 19 Feb 2026 10:40:04.316 # User requested shutdown...
8:M 19 Feb 2026 10:40:04.316 * Calling fsync() on the AOF file.
8:M 19 Feb 2026 10:40:04.325 * Saving the final RDB snapshot before exiting.
8:M 19 Feb 2026 10:40:04.335 * DB saved on disk
8:M 19 Feb 2026 10:40:04.335 # Redis is now ready to exit, bye bye...
8:C 19 Feb 2026 10:40:10.249 # oO0OoO0OoO0Oo Redis is starting oO0OoO0OoO0Oo
8:C 19 Feb 2026 10:40:10.249 # Redis version=7.0.15, bits=64, commit=00000000, modified=0, pid=8, just started
8:C 19 Feb 2026 10:40:10.249 # Configuration loaded
8:M 19 Feb 2026 10:40:10.249 * Increased maximum number of open files to 10032 (it was originally set to 1024).
8:M 19 Feb 2026 10:40:10.249 * monotonic clock: POSIX clock_gettime
8:M 19 Feb 2026 10:40:10.250 * Running mode=standalone, port=6379.
8:M 19 Feb 2026 10:40:10.250 # Server initialized
8:M 19 Feb 2026 10:40:10.250 # WARNING Memory overcommit must be enabled! Without it, a background save or replication may fail under low memory condition. Being disabled, it can can also cause failures without low memory condition, see https://github.com/jemalloc/jemalloc/issues/1328. To fix this issue add 'vm.overcommit_memory = 1' to /etc/sysctl.conf and then reboot or run the command 'sysctl vm.overcommit_memory=1' for this to take effect.
8:M 19 Feb 2026 10:40:10.263 * Creating AOF base file appendonly.aof.1.base.rdb on server start
8:M 19 Feb 2026 10:40:10.273 * Creating AOF incr file appendonly.aof.1.incr.aof on server start
8:M 19 Feb 2026 10:40:10.273 * Ready to accept connections
8:signal-handler (1771491251) Received SIGTERM scheduling shutdown...
8:M 19 Feb 2026 10:54:11.529 # User requested shutdown...
8:M 19 Feb 2026 10:54:11.529 * Calling fsync() on the AOF file.
8:M 19 Feb 2026 10:54:11.531 * Saving the final RDB snapshot before exiting.
8:M 19 Feb 2026 10:54:11.543 * DB saved on disk
8:M 19 Feb 2026 10:54:11.543 # Redis is now ready to exit, bye bye...
8:C 19 Feb 2026 10:54:12.914 # oO0OoO0OoO0Oo Redis is starting oO0OoO0OoO0Oo
8:C 19 Feb 2026 10:54:12.914 # Redis version=7.0.15, bits=64, commit=00000000, modified=0, pid=8, just started
8:C 19 Feb 2026 10:54:12.914 # Configuration loaded
8:M 19 Feb 2026 10:54:12.914 * Increased maximum number of open files to 10032 (it was originally set to 1024).
8:M 19 Feb 2026 10:54:12.914 * monotonic clock: POSIX clock_gettime
8:M 19 Feb 2026 10:54:12.915 * Running mode=standalone, port=6379.
8:M 19 Feb 2026 10:54:12.915 # Server initialized
8:M 19 Feb 2026 10:54:12.915 # WARNING Memory overcommit must be enabled! Without it, a background save or replication may fail under low memory condition. Being disabled, it can can also cause failures without low memory condition, see https://github.com/jemalloc/jemalloc/issues/1328. To fix this issue add 'vm.overcommit_memory = 1' to /etc/sysctl.conf and then reboot or run the command 'sysctl vm.overcommit_memory=1' for this to take effect.
8:M 19 Feb 2026 10:54:12.915 * Reading RDB base file on AOF loading...
8:M 19 Feb 2026 10:54:12.915 * Loading RDB produced by version 7.0.15
8:M 19 Feb 2026 10:54:12.915 * RDB age 842 seconds
8:M 19 Feb 2026 10:54:12.915 * RDB memory usage when created 0.84 Mb
8:M 19 Feb 2026 10:54:12.915 * RDB is base AOF
8:M 19 Feb 2026 10:54:12.915 * Done loading RDB, keys loaded: 0, keys expired: 0.
8:M 19 Feb 2026 10:54:12.915 * DB loaded from base file appendonly.aof.1.base.rdb: 0.000 seconds
8:M 19 Feb 2026 10:54:12.916 * DB loaded from incr file appendonly.aof.1.incr.aof: 0.000 seconds
8:M 19 Feb 2026 10:54:12.916 * DB loaded from append only file: 0.000 seconds
8:M 19 Feb 2026 10:54:12.916 * Opening AOF incr file appendonly.aof.1.incr.aof on server start
8:M 19 Feb 2026 10:54:12.916 * Ready to accept connections
8:signal-handler (1771491973) Received SIGTERM scheduling shutdown...
8:M 19 Feb 2026 11:06:13.842 # User requested shutdown...
8:M 19 Feb 2026 11:06:13.842 * Calling fsync() on the AOF file.
8:M 19 Feb 2026 11:06:13.843 * Saving the final RDB snapshot before exiting.
8:M 19 Feb 2026 11:06:13.853 * DB saved on disk
8:M 19 Feb 2026 11:06:13.853 # Redis is now ready to exit, bye bye...
8:C 19 Feb 2026 11:06:20.559 # oO0OoO0OoO0Oo Redis is starting oO0OoO0OoO0Oo
8:C 19 Feb 2026 11:06:20.559 # Redis version=7.0.15, bits=64, commit=00000000, modified=0, pid=8, just started
8:C 19 Feb 2026 11:06:20.559 # Configuration loaded
8:M 19 Feb 2026 11:06:20.559 * Increased maximum number of open files to 10032 (it was originally set to 1024).
8:M 19 Feb 2026 11:06:20.559 * monotonic clock: POSIX clock_gettime
8:M 19 Feb 2026 11:06:20.560 * Running mode=standalone, port=6379.
8:M 19 Feb 2026 11:06:20.560 # Server initialized
8:M 19 Feb 2026 11:06:20.560 # WARNING Memory overcommit must be enabled! Without it, a background save or replication may fail under low memory condition. Being disabled, it can can also cause failures without low memory condition, see https://github.com/jemalloc/jemalloc/issues/1328. To fix this issue add 'vm.overcommit_memory = 1' to /etc/sysctl.conf and then reboot or run the command 'sysctl vm.overcommit_memory=1' for this to take effect.
8:M 19 Feb 2026 11:06:20.574 * Creating AOF base file appendonly.aof.1.base.rdb on server start
8:M 19 Feb 2026 11:06:20.584 * Creating AOF incr file appendonly.aof.1.incr.aof on server start
8:M 19 Feb 2026 11:06:20.584 * Ready to accept connections
8:signal-handler (1771492286) Received SIGTERM scheduling shutdown...
8:M 19 Feb 2026 11:11:26.480 # User requested shutdown...
8:M 19 Feb 2026 11:11:26.480 * Calling fsync() on the AOF file.
8:M 19 Feb 2026 11:11:26.481 * Saving the final RDB snapshot before exiting.
8:M 19 Feb 2026 11:11:26.492 * DB saved on disk
8:M 19 Feb 2026 11:11:26.492 # Redis is now ready to exit, bye bye...
8:C 19 Feb 2026 11:11:33.389 # oO0OoO0OoO0Oo Redis is starting oO0OoO0OoO0Oo
8:C 19 Feb 2026 11:11:33.389 # Redis version=7.0.15, bits=64, commit=00000000, modified=0, pid=8, just started
8:C 19 Feb 2026 11:11:33.389 # Configuration loaded
8:M 19 Feb 2026 11:11:33.390 * Increased maximum number of open files to 10032 (it was originally set to 1024).
8:M 19 Feb 2026 11:11:33.390 * monotonic clock: POSIX clock_gettime
8:M 19 Feb 2026 11:11:33.390 * Running mode=standalone, port=6379.
8:M 19 Feb 2026 11:11:33.390 # Server initialized
8:M 19 Feb 2026 11:11:33.390 # WARNING Memory overcommit must be enabled! Without it, a background save or replication may fail under low memory condition. Being disabled, it can can also cause failures without low memory condition, see https://github.com/jemalloc/jemalloc/issues/1328. To fix this issue add 'vm.overcommit_memory = 1' to /etc/sysctl.conf and then reboot or run the command 'sysctl vm.overcommit_memory=1' for this to take effect.
8:M 19 Feb 2026 11:11:33.404 * Creating AOF base file appendonly.aof.1.base.rdb on server start
8:M 19 Feb 2026 11:11:33.414 * Creating AOF incr file appendonly.aof.1.incr.aof on server start
8:M 19 Feb 2026 11:11:33.414 * Ready to accept connections
8:signal-handler (1771492938) Received SIGTERM scheduling shutdown...
8:M 19 Feb 2026 11:22:18.089 # User requested shutdown...
8:M 19 Feb 2026 11:22:18.089 * Calling fsync() on the AOF file.
8:M 19 Feb 2026 11:22:18.098 * Saving the final RDB snapshot before exiting.
8:M 19 Feb 2026 11:22:18.109 * DB saved on disk
8:M 19 Feb 2026 11:22:18.109 # Redis is now ready to exit, bye bye...
8:C 19 Feb 2026 11:22:33.078 # oO0OoO0OoO0Oo Redis is starting oO0OoO0OoO0Oo
8:C 19 Feb 2026 11:22:33.078 # Redis version=7.0.15, bits=64, commit=00000000, modified=0, pid=8, just started
8:C 19 Feb 2026 11:22:33.078 # Configuration loaded
8:M 19 Feb 2026 11:22:33.078 * Increased maximum number of open files to 10032 (it was originally set to 1024).
8:M 19 Feb 2026 11:22:33.078 * monotonic clock: POSIX clock_gettime
8:M 19 Feb 2026 11:22:33.079 * Running mode=standalone, port=6379.
8:M 19 Feb 2026 11:22:33.079 # Server initialized
8:M 19 Feb 2026 11:22:33.079 # WARNING Memory overcommit must be enabled! Without it, a background save or replication may fail under low memory condition. Being disabled, it can can also cause failures without low memory condition, see https://github.com/jemalloc/jemalloc/issues/1328. To fix this issue add 'vm.overcommit_memory = 1' to /etc/sysctl.conf and then reboot or run the command 'sysctl vm.overcommit_memory=1' for this to take effect.
8:M 19 Feb 2026 11:22:33.084 * Creating AOF base file appendonly.aof.1.base.rdb on server start
8:M 19 Feb 2026 11:22:33.094 * Creating AOF incr file appendonly.aof.1.incr.aof on server start
8:M 19 Feb 2026 11:22:33.094 * Ready to accept connections
8:signal-handler (1771492984) Received SIGTERM scheduling shutdown...
8:M 19 Feb 2026 11:23:04.671 # User requested shutdown...
8:M 19 Feb 2026 11:23:04.671 * Calling fsync() on the AOF file.
8:M 19 Feb 2026 11:23:04.680 * Saving the final RDB snapshot before exiting.
8:M 19 Feb 2026 11:23:04.690 * DB saved on disk
8:M 19 Feb 2026 11:23:04.690 # Redis is now ready to exit, bye bye...
8:C 19 Feb 2026 11:24:04.511 # oO0OoO0OoO0Oo Redis is starting oO0OoO0OoO0Oo
8:C 19 Feb 2026 11:24:04.511 # Redis version=7.0.15, bits=64, commit=00000000, modified=0, pid=8, just started
8:C 19 Feb 2026 11:24:04.511 # Configuration loaded
8:M 19 Feb 2026 11:24:04.511 * Increased maximum number of open files to 10032 (it was originally set to 1024).
8:M 19 Feb 2026 11:24:04.511 * monotonic clock: POSIX clock_gettime
8:M 19 Feb 2026 11:24:04.511 * Running mode=standalone, port=6379.
8:M 19 Feb 2026 11:24:04.511 # Server initialized
8:M 19 Feb 2026 11:24:04.511 # WARNING Memory overcommit must be enabled! Without it, a background save or replication may fail under low memory condition. Being disabled, it can can also cause failures without low memory condition, see https://github.com/jemalloc/jemalloc/issues/1328. To fix this issue add 'vm.overcommit_memory = 1' to /etc/sysctl.conf and then reboot or run the command 'sysctl vm.overcommit_memory=1' for this to take effect.
8:M 19 Feb 2026 11:24:04.525 * Creating AOF base file appendonly.aof.1.base.rdb on server start
8:M 19 Feb 2026 11:24:04.535 * Creating AOF incr file appendonly.aof.1.incr.aof on server start
8:M 19 Feb 2026 11:24:04.535 * Ready to accept connections
8:signal-handler (1771493952) Received SIGTERM scheduling shutdown...
8:M 19 Feb 2026 11:39:12.804 # User requested shutdown...
8:M 19 Feb 2026 11:39:12.804 * Calling fsync() on the AOF file.
8:M 19 Feb 2026 11:39:12.813 * Saving the final RDB snapshot before exiting.
8:M 19 Feb 2026 11:39:12.823 * DB saved on disk
8:M 19 Feb 2026 11:39:12.823 # Redis is now ready to exit, bye bye...
8:C 19 Feb 2026 11:43:30.723 # oO0OoO0OoO0Oo Redis is starting oO0OoO0OoO0Oo
8:C 19 Feb 2026 11:43:30.723 # Redis version=7.0.15, bits=64, commit=00000000, modified=0, pid=8, just started
8:C 19 Feb 2026 11:43:30.723 # Configuration loaded
8:M 19 Feb 2026 11:43:30.723 * Increased maximum number of open files to 10032 (it was originally set to 1024).
8:M 19 Feb 2026 11:43:30.723 * monotonic clock: POSIX clock_gettime
8:M 19 Feb 2026 11:43:30.723 * Running mode=standalone, port=6379.
8:M 19 Feb 2026 11:43:30.723 # Server initialized
8:M 19 Feb 2026 11:43:30.723 # WARNING Memory overcommit must be enabled! Without it, a background save or replication may fail under low memory condition. Being disabled, it can can also cause failures without low memory condition, see https://github.com/jemalloc/jemalloc/issues/1328. To fix this issue add 'vm.overcommit_memory = 1' to /etc/sysctl.conf and then reboot or run the command 'sysctl vm.overcommit_memory=1' for this to take effect.
8:M 19 Feb 2026 11:43:30.729 * Creating AOF base file appendonly.aof.1.base.rdb on server start
8:M 19 Feb 2026 11:43:30.738 * Creating AOF incr file appendonly.aof.1.incr.aof on server start
8:M 19 Feb 2026 11:43:30.738 * Ready to accept connections
8:signal-handler (1771499430) Received SIGTERM scheduling shutdown...
8:M 19 Feb 2026 13:10:30.796 # User requested shutdown...
8:M 19 Feb 2026 13:10:30.796 * Calling fsync() on the AOF file.
8:M 19 Feb 2026 13:10:30.805 * Saving the final RDB snapshot before exiting.
8:M 19 Feb 2026 13:10:30.815 * DB saved on disk
8:M 19 Feb 2026 13:10:30.815 # Redis is now ready to exit, bye bye...
8:C 19 Feb 2026 13:15:00.436 # oO0OoO0OoO0Oo Redis is starting oO0OoO0OoO0Oo
8:C 19 Feb 2026 13:15:00.436 # Redis version=7.0.15, bits=64, commit=00000000, modified=0, pid=8, just started
8:C 19 Feb 2026 13:15:00.436 # Configuration loaded
8:M 19 Feb 2026 13:15:00.436 * Increased maximum number of open files to 10032 (it was originally set to 1024).
8:M 19 Feb 2026 13:15:00.436 * monotonic clock: POSIX clock_gettime
8:M 19 Feb 2026 13:15:00.436 * Running mode=standalone, port=6379.
8:M 19 Feb 2026 13:15:00.436 # Server initialized
8:M 19 Feb 2026 13:15:00.436 # WARNING Memory overcommit must be enabled! Without it, a background save or replication may fail under low memory condition. Being disabled, it can can also cause failures without low memory condition, see https://github.com/jemalloc/jemalloc/issues/1328. To fix this issue add 'vm.overcommit_memory = 1' to /etc/sysctl.conf and then reboot or run the command 'sysctl vm.overcommit_memory=1' for this to take effect.
8:M 19 Feb 2026 13:15:00.450 * Creating AOF base file appendonly.aof.1.base.rdb on server start
8:M 19 Feb 2026 13:15:00.461 * Creating AOF incr file appendonly.aof.1.incr.aof on server start
8:M 19 Feb 2026 13:15:00.461 * Ready to accept connections
8:signal-handler (1771500372) Received SIGTERM scheduling shutdown...
8:M 19 Feb 2026 13:26:12.228 # User requested shutdown...
8:M 19 Feb 2026 13:26:12.228 * Calling fsync() on the AOF file.
8:M 19 Feb 2026 13:26:12.236 * Saving the final RDB snapshot before exiting.
8:M 19 Feb 2026 13:26:12.247 * DB saved on disk
8:M 19 Feb 2026 13:26:12.247 # Redis is now ready to exit, bye bye...
8:C 19 Feb 2026 13:30:23.605 # oO0OoO0OoO0Oo Redis is starting oO0OoO0OoO0Oo
8:C 19 Feb 2026 13:30:23.605 # Redis version=7.0.15, bits=64, commit=00000000, modified=0, pid=8, just started
8:C 19 Feb 2026 13:30:23.605 # Configuration loaded
8:M 19 Feb 2026 13:30:23.605 * Increased maximum number of open files to 10032 (it was originally set to 1024).
8:M 19 Feb 2026 13:30:23.605 * monotonic clock: POSIX clock_gettime
8:M 19 Feb 2026 13:30:23.606 * Running mode=standalone, port=6379.
8:M 19 Feb 2026 13:30:23.606 # Server initialized
8:M 19 Feb 2026 13:30:23.606 # WARNING Memory overcommit must be enabled! Without it, a background save or replication may fail under low memory condition. Being disabled, it can can also cause failures without low memory condition, see https://github.com/jemalloc/jemalloc/issues/1328. To fix this issue add 'vm.overcommit_memory = 1' to /etc/sysctl.conf and then reboot or run the command 'sysctl vm.overcommit_memory=1' for this to take effect.
8:M 19 Feb 2026 13:30:23.619 * Creating AOF base file appendonly.aof.1.base.rdb on server start
8:M 19 Feb 2026 13:30:23.629 * Creating AOF incr file appendonly.aof.1.incr.aof on server start
8:M 19 Feb 2026 13:30:23.629 * Ready to accept connections
8:signal-handler (1771500654) Received SIGTERM scheduling shutdown...
8:M 19 Feb 2026 13:30:54.207 # User requested shutdown...
8:M 19 Feb 2026 13:30:54.207 * Calling fsync() on the AOF file.
8:M 19 Feb 2026 13:30:54.216 * Saving the final RDB snapshot before exiting.
8:M 19 Feb 2026 13:30:54.226 * DB saved on disk
8:M 19 Feb 2026 13:30:54.226 # Redis is now ready to exit, bye bye...
8:C 19 Feb 2026 13:30:59.370 # oO0OoO0OoO0Oo Redis is starting oO0OoO0OoO0Oo
8:C 19 Feb 2026 13:30:59.370 # Redis version=7.0.15, bits=64, commit=00000000, modified=0, pid=8, just started
8:C 19 Feb 2026 13:30:59.370 # Configuration loaded
8:M 19 Feb 2026 13:30:59.370 * Increased maximum number of open files to 10032 (it was originally set to 1024).
8:M 19 Feb 2026 13:30:59.370 * monotonic clock: POSIX clock_gettime
8:M 19 Feb 2026 13:30:59.371 * Running mode=standalone, port=6379.
8:M 19 Feb 2026 13:30:59.371 # Server initialized
8:M 19 Feb 2026 13:30:59.371 # WARNING Memory overcommit must be enabled! Without it, a background save or replication may fail under low memory condition. Being disabled, it can can also cause failures without low memory condition, see https://github.com/jemalloc/jemalloc/issues/1328. To fix this issue add 'vm.overcommit_memory = 1' to /etc/sysctl.conf and then reboot or run the command 'sysctl vm.overcommit_memory=1' for this to take effect.
8:M 19 Feb 2026 13:30:59.385 * Creating AOF base file appendonly.aof.1.base.rdb on server start
8:M 19 Feb 2026 13:30:59.396 * Creating AOF incr file appendonly.aof.1.incr.aof on server start
8:M 19 Feb 2026 13:30:59.396 * Ready to accept connections
8:signal-handler (1771500729) Received SIGTERM scheduling shutdown...
8:M 19 Feb 2026 13:32:09.775 # User requested shutdown...
8:M 19 Feb 2026 13:32:09.775 * Calling fsync() on the AOF file.
8:M 19 Feb 2026 13:32:09.784 * Saving the final RDB snapshot before exiting.
8:M 19 Feb 2026 13:32:09.795 * DB saved on disk
8:M 19 Feb 2026 13:32:09.795 # Redis is now ready to exit, bye bye...
8:C 19 Feb 2026 13:32:19.604 # oO0OoO0OoO0Oo Redis is starting oO0OoO0OoO0Oo
8:C 19 Feb 2026 13:32:19.604 # Redis version=7.0.15, bits=64, commit=00000000, modified=0, pid=8, just started
8:C 19 Feb 2026 13:32:19.604 # Configuration loaded
8:M 19 Feb 2026 13:32:19.605 * Increased maximum number of open files to 10032 (it was originally set to 1024).
8:M 19 Feb 2026 13:32:19.605 * monotonic clock: POSIX clock_gettime
8:M 19 Feb 2026 13:32:19.605 * Running mode=standalone, port=6379.
8:M 19 Feb 2026 13:32:19.605 # Server initialized
8:M 19 Feb 2026 13:32:19.605 # WARNING Memory overcommit must be enabled! Without it, a background save or replication may fail under low memory condition. Being disabled, it can can also cause failures without low memory condition, see https://github.com/jemalloc/jemalloc/issues/1328. To fix this issue add 'vm.overcommit_memory = 1' to /etc/sysctl.conf and then reboot or run the command 'sysctl vm.overcommit_memory=1' for this to take effect.
8:M 19 Feb 2026 13:32:19.619 * Creating AOF base file appendonly.aof.1.base.rdb on server start
8:M 19 Feb 2026 13:32:19.630 * Creating AOF incr file appendonly.aof.1.incr.aof on server start
8:M 19 Feb 2026 13:32:19.630 * Ready to accept connections
