2026-02-17 14:36:12,636 CRIT Supervisor is running as root.  Privileges were not dropped because no user is specified in the config file.  If you intend to run as root, you can set user=root in the config file to avoid this message.
2026-02-17 14:36:12,643 INFO RPC interface 'supervisor' initialized
2026-02-17 14:36:12,643 CRIT Server 'unix_http_server' running without any HTTP authentication checking
2026-02-17 14:36:12,648 INFO supervisord started with pid 1
2026-02-17 14:36:13,651 INFO spawned: 'redis' with pid 8
2026-02-17 14:36:13,653 INFO spawned: 'baileys' with pid 9
2026-02-17 14:36:13,654 INFO spawned: 'fastapi' with pid 10
2026-02-17 14:36:15,090 INFO success: redis entered RUNNING state, process has stayed up for > than 1 seconds (startsecs)
2026-02-17 14:36:18,654 INFO success: fastapi entered RUNNING state, process has stayed up for > than 5 seconds (startsecs)
2026-02-17 14:36:24,446 INFO success: baileys entered RUNNING state, process has stayed up for > than 10 seconds (startsecs)
2026-02-17 15:11:57,495 WARN received SIGTERM indicating exit request
2026-02-17 15:11:57,496 INFO waiting for redis, baileys, fastapi to die
2026-02-17 15:11:57,726 INFO stopped: fastapi (exit status 0)
2026-02-17 15:11:57,734 WARN stopped: baileys (terminated by SIGTERM)
2026-02-17 15:11:57,771 INFO stopped: redis (exit status 0)
2026-02-17 15:12:34,356 CRIT Supervisor is running as root.  Privileges were not dropped because no user is specified in the config file.  If you intend to run as root, you can set user=root in the config file to avoid this message.
2026-02-17 15:12:34,359 INFO RPC interface 'supervisor' initialized
2026-02-17 15:12:34,359 CRIT Server 'unix_http_server' running without any HTTP authentication checking
2026-02-17 15:12:34,359 INFO supervisord started with pid 1
2026-02-17 15:12:35,362 INFO spawned: 'redis' with pid 8
2026-02-17 15:12:35,363 INFO spawned: 'baileys' with pid 9
2026-02-17 15:12:35,365 INFO spawned: 'fastapi' with pid 10
2026-02-17 15:12:36,678 INFO success: redis entered RUNNING state, process has stayed up for > than 1 seconds (startsecs)
2026-02-17 15:12:40,397 INFO success: fastapi entered RUNNING state, process has stayed up for > than 5 seconds (startsecs)
2026-02-17 15:12:45,402 INFO success: baileys entered RUNNING state, process has stayed up for > than 10 seconds (startsecs)
2026-02-17 15:14:06,562 WARN received SIGTERM indicating exit request
2026-02-17 15:14:06,562 INFO waiting for redis, baileys, fastapi to die
2026-02-17 15:14:06,732 INFO stopped: fastapi (exit status 0)
2026-02-17 15:14:06,741 WARN stopped: baileys (terminated by SIGTERM)
2026-02-17 15:14:06,828 INFO stopped: redis (exit status 0)
2026-02-17 15:14:57,942 CRIT Supervisor is running as root.  Privileges were not dropped because no user is specified in the config file.  If you intend to run as root, you can set user=root in the config file to avoid this message.
2026-02-17 15:14:57,949 INFO RPC interface 'supervisor' initialized
2026-02-17 15:14:57,949 CRIT Server 'unix_http_server' running without any HTTP authentication checking
2026-02-17 15:14:57,954 INFO supervisord started with pid 1
2026-02-17 15:14:58,957 INFO spawned: 'redis' with pid 8
2026-02-17 15:14:58,959 INFO spawned: 'baileys' with pid 9
2026-02-17 15:14:58,961 INFO spawned: 'fastapi' with pid 10
2026-02-17 15:15:00,382 INFO success: redis entered RUNNING state, process has stayed up for > than 1 seconds (startsecs)
2026-02-17 15:15:03,969 INFO success: fastapi entered RUNNING state, process has stayed up for > than 5 seconds (startsecs)
2026-02-17 15:15:08,974 INFO success: baileys entered RUNNING state, process has stayed up for > than 10 seconds (startsecs)
2026-02-17 15:21:59,849 WARN received SIGTERM indicating exit request
2026-02-17 15:21:59,849 INFO waiting for redis, baileys, fastapi to die
2026-02-17 15:22:00,032 INFO stopped: fastapi (exit status 0)
2026-02-17 15:22:00,038 WARN stopped: baileys (terminated by SIGTERM)
2026-02-17 15:22:00,130 INFO stopped: redis (exit status 0)
2026-02-17 15:22:25,843 CRIT Supervisor is running as root.  Privileges were not dropped because no user is specified in the config file.  If you intend to run as root, you can set user=root in the config file to avoid this message.
2026-02-17 15:22:25,849 INFO RPC interface 'supervisor' initialized
2026-02-17 15:22:25,849 CRIT Server 'unix_http_server' running without any HTTP authentication checking
2026-02-17 15:22:25,854 INFO supervisord started with pid 1
2026-02-17 15:22:26,857 INFO spawned: 'redis' with pid 8
2026-02-17 15:22:26,859 INFO spawned: 'baileys' with pid 9
2026-02-17 15:22:26,860 INFO spawned: 'fastapi' with pid 10
2026-02-17 15:22:28,281 INFO success: redis entered RUNNING state, process has stayed up for > than 1 seconds (startsecs)
2026-02-17 15:22:31,861 INFO success: fastapi entered RUNNING state, process has stayed up for > than 5 seconds (startsecs)
2026-02-17 15:22:37,328 INFO success: baileys entered RUNNING state, process has stayed up for > than 10 seconds (startsecs)
2026-02-17 15:27:30,506 WARN received SIGTERM indicating exit request
2026-02-17 15:27:30,506 INFO waiting for redis, baileys, fastapi to die
2026-02-17 15:27:30,734 INFO stopped: fastapi (exit status 0)
2026-02-17 15:27:30,742 WARN stopped: baileys (terminated by SIGTERM)
2026-02-17 15:27:30,841 INFO stopped: redis (exit status 0)
2026-02-17 15:27:35,829 CRIT Supervisor is running as root.  Privileges were not dropped because no user is specified in the config file.  If you intend to run as root, you can set user=root in the config file to avoid this message.
2026-02-17 15:27:35,836 INFO RPC interface 'supervisor' initialized
2026-02-17 15:27:35,836 CRIT Server 'unix_http_server' running without any HTTP authentication checking
2026-02-17 15:27:35,841 INFO supervisord started with pid 1
2026-02-17 15:27:36,843 INFO spawned: 'redis' with pid 8
2026-02-17 15:27:36,845 INFO spawned: 'baileys' with pid 9
2026-02-17 15:27:36,846 INFO spawned: 'fastapi' with pid 10
2026-02-17 15:27:38,294 INFO success: redis entered RUNNING state, process has stayed up for > than 1 seconds (startsecs)
2026-02-17 15:27:41,857 INFO success: fastapi entered RUNNING state, process has stayed up for > than 5 seconds (startsecs)
2026-02-17 15:27:46,862 INFO success: baileys entered RUNNING state, process has stayed up for > than 10 seconds (startsecs)
2026-02-17 15:30:14,221 WARN received SIGTERM indicating exit request
2026-02-17 15:30:14,221 INFO waiting for redis, baileys, fastapi to die
2026-02-17 15:30:14,446 INFO stopped: fastapi (exit status 0)
2026-02-17 15:30:14,456 WARN stopped: baileys (terminated by SIGTERM)
2026-02-17 15:30:14,526 INFO stopped: redis (exit status 0)
2026-02-17 15:30:14,868 CRIT Supervisor is running as root.  Privileges were not dropped because no user is specified in the config file.  If you intend to run as root, you can set user=root in the config file to avoid this message.
2026-02-17 15:30:14,869 INFO RPC interface 'supervisor' initialized
2026-02-17 15:30:14,869 CRIT Server 'unix_http_server' running without any HTTP authentication checking
2026-02-17 15:30:14,869 INFO supervisord started with pid 1
2026-02-17 15:30:15,872 INFO spawned: 'redis' with pid 8
2026-02-17 15:30:15,874 INFO spawned: 'baileys' with pid 9
2026-02-17 15:30:15,875 INFO spawned: 'fastapi' with pid 10
2026-02-17 15:30:17,295 INFO success: redis entered RUNNING state, process has stayed up for > than 1 seconds (startsecs)
2026-02-17 15:30:20,917 INFO success: fastapi entered RUNNING state, process has stayed up for > than 5 seconds (startsecs)
2026-02-17 15:30:26,752 INFO success: baileys entered RUNNING state, process has stayed up for > than 10 seconds (startsecs)
2026-02-17 15:34:26,739 INFO waiting for baileys to stop
2026-02-17 15:34:26,746 WARN stopped: baileys (terminated by SIGTERM)
2026-02-17 15:34:26,747 INFO spawned: 'baileys' with pid 112
2026-02-17 15:34:37,172 INFO success: baileys entered RUNNING state, process has stayed up for > than 10 seconds (startsecs)
2026-02-17 15:38:18,972 WARN received SIGTERM indicating exit request
2026-02-17 15:38:18,972 INFO waiting for redis, baileys, fastapi to die
2026-02-17 15:38:19,188 INFO stopped: fastapi (exit status 0)
2026-02-17 15:38:19,198 WARN stopped: baileys (terminated by SIGTERM)
2026-02-17 15:38:19,231 INFO stopped: redis (exit status 0)
2026-02-17 15:38:20,178 CRIT Supervisor is running as root.  Privileges were not dropped because no user is specified in the config file.  If you intend to run as root, you can set user=root in the config file to avoid this message.
2026-02-17 15:38:20,184 INFO RPC interface 'supervisor' initialized
2026-02-17 15:38:20,184 CRIT Server 'unix_http_server' running without any HTTP authentication checking
2026-02-17 15:38:20,189 INFO supervisord started with pid 1
2026-02-17 15:38:21,191 INFO spawned: 'redis' with pid 8
2026-02-17 15:38:21,193 INFO spawned: 'baileys' with pid 9
2026-02-17 15:38:21,194 INFO spawned: 'fastapi' with pid 10
2026-02-17 15:38:22,624 INFO success: redis entered RUNNING state, process has stayed up for > than 1 seconds (startsecs)
2026-02-17 15:38:26,204 INFO success: fastapi entered RUNNING state, process has stayed up for > than 5 seconds (startsecs)
2026-02-17 15:38:32,006 INFO success: baileys entered RUNNING state, process has stayed up for > than 10 seconds (startsecs)
2026-02-17 15:50:43,306 INFO waiting for baileys to stop
2026-02-17 15:50:43,313 WARN stopped: baileys (terminated by SIGTERM)
2026-02-17 15:51:13,332 INFO reaped unknown pid 250 (terminated by SIGPIPE)
2026-02-17 15:51:18,337 INFO reaped unknown pid 249 (exit status 1)
2026-02-17 15:52:39,162 WARN received SIGTERM indicating exit request
2026-02-17 15:52:39,162 INFO waiting for redis, fastapi to die
2026-02-17 15:52:39,404 INFO stopped: fastapi (exit status 0)
2026-02-17 15:52:40,508 INFO stopped: redis (exit status 0)
2026-02-17 15:52:48,313 CRIT Supervisor is running as root.  Privileges were not dropped because no user is specified in the config file.  If you intend to run as root, you can set user=root in the config file to avoid this message.
2026-02-17 15:52:48,320 INFO RPC interface 'supervisor' initialized
2026-02-17 15:52:48,320 CRIT Server 'unix_http_server' running without any HTTP authentication checking
2026-02-17 15:52:48,325 INFO supervisord started with pid 1
2026-02-17 15:52:49,328 INFO spawned: 'redis' with pid 8
2026-02-17 15:52:49,331 INFO spawned: 'baileys' with pid 9
2026-02-17 15:52:49,332 INFO spawned: 'fastapi' with pid 10
2026-02-17 15:52:50,654 INFO success: redis entered RUNNING state, process has stayed up for > than 1 seconds (startsecs)
2026-02-17 15:52:54,348 INFO success: fastapi entered RUNNING state, process has stayed up for > than 5 seconds (startsecs)
2026-02-17 15:52:59,738 INFO success: baileys entered RUNNING state, process has stayed up for > than 10 seconds (startsecs)
2026-02-17 15:54:14,516 WARN received SIGTERM indicating exit request
2026-02-17 15:54:14,516 INFO waiting for redis, baileys, fastapi to die
2026-02-17 15:54:14,700 INFO stopped: fastapi (exit status 0)
2026-02-17 15:54:14,709 WARN stopped: baileys (terminated by SIGTERM)
2026-02-17 15:54:14,807 INFO stopped: redis (exit status 0)
2026-02-17 15:54:16,022 CRIT Supervisor is running as root.  Privileges were not dropped because no user is specified in the config file.  If you intend to run as root, you can set user=root in the config file to avoid this message.
2026-02-17 15:54:16,029 INFO RPC interface 'supervisor' initialized
2026-02-17 15:54:16,029 CRIT Server 'unix_http_server' running without any HTTP authentication checking
2026-02-17 15:54:16,034 INFO supervisord started with pid 1
2026-02-17 15:54:17,036 INFO spawned: 'redis' with pid 8
2026-02-17 15:54:17,038 INFO spawned: 'baileys' with pid 9
2026-02-17 15:54:17,039 INFO spawned: 'fastapi' with pid 10
2026-02-17 15:54:18,497 INFO success: redis entered RUNNING state, process has stayed up for > than 1 seconds (startsecs)
2026-02-17 15:54:22,053 INFO success: fastapi entered RUNNING state, process has stayed up for > than 5 seconds (startsecs)
2026-02-17 15:54:27,059 INFO success: baileys entered RUNNING state, process has stayed up for > than 10 seconds (startsecs)
2026-02-17 15:57:54,516 WARN received SIGTERM indicating exit request
2026-02-17 15:57:54,516 INFO waiting for redis, baileys, fastapi to die
2026-02-17 15:57:54,703 INFO stopped: fastapi (exit status 0)
2026-02-17 15:57:54,711 WARN stopped: baileys (terminated by SIGTERM)
2026-02-17 15:57:54,753 INFO stopped: redis (exit status 0)
2026-02-17 15:57:58,119 CRIT Supervisor is running as root.  Privileges were not dropped because no user is specified in the config file.  If you intend to run as root, you can set user=root in the config file to avoid this message.
2026-02-17 15:57:58,125 INFO RPC interface 'supervisor' initialized
2026-02-17 15:57:58,125 CRIT Server 'unix_http_server' running without any HTTP authentication checking
2026-02-17 15:57:58,130 INFO supervisord started with pid 1
2026-02-17 15:57:59,133 INFO spawned: 'redis' with pid 8
2026-02-17 15:57:59,135 INFO spawned: 'baileys' with pid 9
2026-02-17 15:57:59,136 INFO spawned: 'fastapi' with pid 10
2026-02-17 15:58:00,546 INFO success: redis entered RUNNING state, process has stayed up for > than 1 seconds (startsecs)
2026-02-17 15:58:04,143 INFO success: fastapi entered RUNNING state, process has stayed up for > than 5 seconds (startsecs)
2026-02-17 15:58:09,343 INFO success: baileys entered RUNNING state, process has stayed up for > than 10 seconds (startsecs)
2026-02-17 15:58:23,357 WARN received SIGTERM indicating exit request
2026-02-17 15:58:23,357 INFO waiting for redis, baileys, fastapi to die
2026-02-17 15:58:23,547 INFO stopped: fastapi (exit status 0)
2026-02-17 15:58:23,554 WARN stopped: baileys (terminated by SIGTERM)
2026-02-17 15:58:23,652 INFO stopped: redis (exit status 0)
2026-02-17 15:58:24,889 CRIT Supervisor is running as root.  Privileges were not dropped because no user is specified in the config file.  If you intend to run as root, you can set user=root in the config file to avoid this message.
2026-02-17 15:58:24,896 INFO RPC interface 'supervisor' initialized
2026-02-17 15:58:24,896 CRIT Server 'unix_http_server' running without any HTTP authentication checking
2026-02-17 15:58:24,901 INFO supervisord started with pid 1
2026-02-17 15:58:25,903 INFO spawned: 'redis' with pid 8
2026-02-17 15:58:25,904 INFO spawned: 'baileys' with pid 9
2026-02-17 15:58:25,905 INFO spawned: 'fastapi' with pid 10
2026-02-17 15:58:27,332 INFO success: redis entered RUNNING state, process has stayed up for > than 1 seconds (startsecs)
2026-02-17 15:58:30,921 INFO success: fastapi entered RUNNING state, process has stayed up for > than 5 seconds (startsecs)
2026-02-17 15:58:35,926 INFO success: baileys entered RUNNING state, process has stayed up for > than 10 seconds (startsecs)
2026-02-17 16:06:16,950 WARN received SIGTERM indicating exit request
2026-02-17 16:06:16,950 INFO waiting for redis, baileys, fastapi to die
2026-02-17 16:06:17,183 INFO stopped: fastapi (exit status 0)
2026-02-17 16:06:17,193 WARN stopped: baileys (terminated by SIGTERM)
2026-02-17 16:06:17,287 INFO stopped: redis (exit status 0)
2026-02-17 16:06:20,677 CRIT Supervisor is running as root.  Privileges were not dropped because no user is specified in the config file.  If you intend to run as root, you can set user=root in the config file to avoid this message.
2026-02-17 16:06:20,683 INFO RPC interface 'supervisor' initialized
2026-02-17 16:06:20,683 CRIT Server 'unix_http_server' running without any HTTP authentication checking
2026-02-17 16:06:20,688 INFO supervisord started with pid 1
2026-02-17 16:06:21,691 INFO spawned: 'redis' with pid 8
2026-02-17 16:06:21,692 INFO spawned: 'baileys' with pid 9
2026-02-17 16:06:21,693 INFO spawned: 'fastapi' with pid 10
2026-02-17 16:06:23,012 INFO success: redis entered RUNNING state, process has stayed up for > than 1 seconds (startsecs)
2026-02-17 16:06:26,706 INFO success: fastapi entered RUNNING state, process has stayed up for > than 5 seconds (startsecs)
2026-02-17 16:06:31,711 INFO success: baileys entered RUNNING state, process has stayed up for > than 10 seconds (startsecs)
2026-02-17 16:10:00,220 WARN received SIGTERM indicating exit request
2026-02-17 16:10:00,220 INFO waiting for redis, baileys, fastapi to die
2026-02-17 16:10:00,403 INFO stopped: fastapi (exit status 0)
2026-02-17 16:10:00,413 WARN stopped: baileys (terminated by SIGTERM)
2026-02-17 16:10:00,436 INFO stopped: redis (exit status 0)
2026-02-17 16:10:03,693 CRIT Supervisor is running as root.  Privileges were not dropped because no user is specified in the config file.  If you intend to run as root, you can set user=root in the config file to avoid this message.
2026-02-17 16:10:03,699 INFO RPC interface 'supervisor' initialized
2026-02-17 16:10:03,699 CRIT Server 'unix_http_server' running without any HTTP authentication checking
2026-02-17 16:10:03,704 INFO supervisord started with pid 1
2026-02-17 16:10:04,707 INFO spawned: 'redis' with pid 8
2026-02-17 16:10:04,710 INFO spawned: 'baileys' with pid 9
2026-02-17 16:10:04,711 INFO spawned: 'fastapi' with pid 10
2026-02-17 16:10:06,135 INFO success: redis entered RUNNING state, process has stayed up for > than 1 seconds (startsecs)
2026-02-17 16:10:09,719 INFO success: fastapi entered RUNNING state, process has stayed up for > than 5 seconds (startsecs)
2026-02-17 16:10:14,724 INFO success: baileys entered RUNNING state, process has stayed up for > than 10 seconds (startsecs)
2026-02-19 09:13:24,968 WARN received SIGTERM indicating exit request
2026-02-19 09:13:24,976 INFO waiting for redis, baileys, fastapi to die
2026-02-19 09:13:25,171 INFO stopped: fastapi (exit status 0)
2026-02-19 09:13:25,179 WARN stopped: baileys (terminated by SIGTERM)
2026-02-19 09:13:25,276 INFO stopped: redis (exit status 0)
2026-02-19 09:13:30,533 CRIT Supervisor is running as root.  Privileges were not dropped because no user is specified in the config file.  If you intend to run as root, you can set user=root in the config file to avoid this message.
2026-02-19 09:13:30,540 INFO RPC interface 'supervisor' initialized
2026-02-19 09:13:30,540 CRIT Server 'unix_http_server' running without any HTTP authentication checking
2026-02-19 09:13:30,545 INFO supervisord started with pid 1
2026-02-19 09:13:31,547 INFO spawned: 'redis' with pid 8
2026-02-19 09:13:31,549 INFO spawned: 'baileys' with pid 9
2026-02-19 09:13:31,550 INFO spawned: 'fastapi' with pid 10
2026-02-19 09:13:32,981 INFO success: redis entered RUNNING state, process has stayed up for > than 1 seconds (startsecs)
2026-02-19 09:13:37,545 INFO success: fastapi entered RUNNING state, process has stayed up for > than 5 seconds (startsecs)
2026-02-19 09:13:41,549 INFO success: baileys entered RUNNING state, process has stayed up for > than 10 seconds (startsecs)
2026-02-19 09:16:28,889 WARN received SIGTERM indicating exit request
2026-02-19 09:16:28,889 INFO waiting for redis, baileys, fastapi to die
2026-02-19 09:16:29,120 INFO stopped: fastapi (exit status 0)
2026-02-19 09:16:29,132 WARN stopped: baileys (terminated by SIGTERM)
2026-02-19 09:16:29,241 INFO stopped: redis (exit status 0)
2026-02-19 09:16:29,588 CRIT Supervisor is running as root.  Privileges were not dropped because no user is specified in the config file.  If you intend to run as root, you can set user=root in the config file to avoid this message.
2026-02-19 09:16:29,589 INFO RPC interface 'supervisor' initialized
2026-02-19 09:16:29,589 CRIT Server 'unix_http_server' running without any HTTP authentication checking
2026-02-19 09:16:29,589 INFO supervisord started with pid 1
2026-02-19 09:16:30,592 INFO spawned: 'redis' with pid 8
2026-02-19 09:16:30,594 INFO spawned: 'baileys' with pid 9
2026-02-19 09:16:30,595 INFO spawned: 'fastapi' with pid 10
2026-02-19 09:16:31,919 INFO success: redis entered RUNNING state, process has stayed up for > than 1 seconds (startsecs)
2026-02-19 09:16:35,613 INFO success: fastapi entered RUNNING state, process has stayed up for > than 5 seconds (startsecs)
2026-02-19 09:16:40,710 INFO success: baileys entered RUNNING state, process has stayed up for > than 10 seconds (startsecs)
2026-02-19 09:18:37,885 WARN received SIGTERM indicating exit request
2026-02-19 09:18:37,885 INFO waiting for redis, baileys, fastapi to die
2026-02-19 09:18:38,094 INFO stopped: fastapi (exit status 0)
2026-02-19 09:18:38,102 WARN stopped: baileys (terminated by SIGTERM)
2026-02-19 09:18:38,143 INFO stopped: redis (exit status 0)
2026-02-19 09:19:00,649 CRIT Supervisor is running as root.  Privileges were not dropped because no user is specified in the config file.  If you intend to run as root, you can set user=root in the config file to avoid this message.
2026-02-19 09:19:00,655 INFO RPC interface 'supervisor' initialized
2026-02-19 09:19:00,655 CRIT Server 'unix_http_server' running without any HTTP authentication checking
2026-02-19 09:19:00,660 INFO supervisord started with pid 1
2026-02-19 09:19:01,662 INFO spawned: 'redis' with pid 8
2026-02-19 09:19:01,664 INFO spawned: 'baileys' with pid 9
2026-02-19 09:19:01,665 INFO spawned: 'fastapi' with pid 10
2026-02-19 09:19:03,125 INFO success: redis entered RUNNING state, process has stayed up for > than 1 seconds (startsecs)
2026-02-19 09:19:07,209 INFO success: fastapi entered RUNNING state, process has stayed up for > than 5 seconds (startsecs)
2026-02-19 09:19:11,776 INFO success: baileys entered RUNNING state, process has stayed up for > than 10 seconds (startsecs)
2026-02-19 09:56:59,923 WARN received SIGTERM indicating exit request
2026-02-19 09:56:59,923 INFO waiting for redis, baileys, fastapi to die
2026-02-19 09:57:00,121 INFO stopped: fastapi (exit status 0)
2026-02-19 09:57:00,132 WARN stopped: baileys (terminated by SIGTERM)
2026-02-19 09:57:00,244 INFO stopped: redis (exit status 0)
2026-02-19 09:57:02,550 CRIT Supervisor is running as root.  Privileges were not dropped because no user is specified in the config file.  If you intend to run as root, you can set user=root in the config file to avoid this message.
2026-02-19 09:57:02,557 INFO RPC interface 'supervisor' initialized
2026-02-19 09:57:02,557 CRIT Server 'unix_http_server' running without any HTTP authentication checking
2026-02-19 09:57:02,562 INFO supervisord started with pid 1
2026-02-19 09:57:03,564 INFO spawned: 'redis' with pid 8
2026-02-19 09:57:03,566 INFO spawned: 'baileys' with pid 9
2026-02-19 09:57:03,567 INFO spawned: 'fastapi' with pid 10
2026-02-19 09:57:05,024 INFO success: redis entered RUNNING state, process has stayed up for > than 1 seconds (startsecs)
2026-02-19 09:57:08,578 INFO success: fastapi entered RUNNING state, process has stayed up for > than 5 seconds (startsecs)
2026-02-19 09:57:14,526 INFO success: baileys entered RUNNING state, process has stayed up for > than 10 seconds (startsecs)
2026-02-19 10:01:28,125 WARN received SIGTERM indicating exit request
2026-02-19 10:01:28,126 INFO waiting for redis, baileys, fastapi to die
2026-02-19 10:01:28,339 INFO stopped: fastapi (exit status 0)
2026-02-19 10:01:28,347 WARN stopped: baileys (terminated by SIGTERM)
2026-02-19 10:01:28,438 INFO stopped: redis (exit status 0)
2026-02-19 10:01:30,818 CRIT Supervisor is running as root.  Privileges were not dropped because no user is specified in the config file.  If you intend to run as root, you can set user=root in the config file to avoid this message.
2026-02-19 10:01:30,824 INFO RPC interface 'supervisor' initialized
2026-02-19 10:01:30,824 CRIT Server 'unix_http_server' running without any HTTP authentication checking
2026-02-19 10:01:30,829 INFO supervisord started with pid 1
2026-02-19 10:01:31,832 INFO spawned: 'redis' with pid 8
2026-02-19 10:01:31,834 INFO spawned: 'baileys' with pid 9
2026-02-19 10:01:31,835 INFO spawned: 'fastapi' with pid 10
2026-02-19 10:01:33,259 INFO success: redis entered RUNNING state, process has stayed up for > than 1 seconds (startsecs)
2026-02-19 10:01:36,853 INFO success: fastapi entered RUNNING state, process has stayed up for > than 5 seconds (startsecs)
2026-02-19 10:01:41,889 INFO success: baileys entered RUNNING state, process has stayed up for > than 10 seconds (startsecs)
2026-02-19 10:06:20,494 WARN received SIGTERM indicating exit request
2026-02-19 10:06:20,494 INFO waiting for redis, baileys, fastapi to die
2026-02-19 10:06:20,672 INFO stopped: fastapi (exit status 0)
2026-02-19 10:06:20,680 WARN stopped: baileys (terminated by SIGTERM)
2026-02-19 10:06:20,756 INFO stopped: redis (exit status 0)
2026-02-19 10:06:23,240 CRIT Supervisor is running as root.  Privileges were not dropped because no user is specified in the config file.  If you intend to run as root, you can set user=root in the config file to avoid this message.
2026-02-19 10:06:23,247 INFO RPC interface 'supervisor' initialized
2026-02-19 10:06:23,247 CRIT Server 'unix_http_server' running without any HTTP authentication checking
2026-02-19 10:06:23,252 INFO supervisord started with pid 1
2026-02-19 10:06:24,254 INFO spawned: 'redis' with pid 8
2026-02-19 10:06:24,255 INFO spawned: 'baileys' with pid 9
2026-02-19 10:06:24,256 INFO spawned: 'fastapi' with pid 10
2026-02-19 10:06:25,699 INFO success: redis entered RUNNING state, process has stayed up for > than 1 seconds (startsecs)
2026-02-19 10:06:29,263 INFO success: fastapi entered RUNNING state, process has stayed up for > than 5 seconds (startsecs)
2026-02-19 10:06:34,569 INFO success: baileys entered RUNNING state, process has stayed up for > than 10 seconds (startsecs)
2026-02-19 10:07:43,419 WARN received SIGTERM indicating exit request
2026-02-19 10:07:43,419 INFO waiting for redis, baileys, fastapi to die
2026-02-19 10:07:43,647 INFO stopped: fastapi (exit status 0)
2026-02-19 10:07:43,656 WARN stopped: baileys (terminated by SIGTERM)
2026-02-19 10:07:43,706 INFO stopped: redis (exit status 0)
2026-02-19 10:07:46,153 CRIT Supervisor is running as root.  Privileges were not dropped because no user is specified in the config file.  If you intend to run as root, you can set user=root in the config file to avoid this message.
2026-02-19 10:07:46,160 INFO RPC interface 'supervisor' initialized
2026-02-19 10:07:46,160 CRIT Server 'unix_http_server' running without any HTTP authentication checking
2026-02-19 10:07:46,165 INFO supervisord started with pid 1
2026-02-19 10:07:47,167 INFO spawned: 'redis' with pid 8
2026-02-19 10:07:47,169 INFO spawned: 'baileys' with pid 9
2026-02-19 10:07:47,170 INFO spawned: 'fastapi' with pid 10
2026-02-19 10:07:48,607 INFO success: redis entered RUNNING state, process has stayed up for > than 1 seconds (startsecs)
2026-02-19 10:07:52,191 INFO success: fastapi entered RUNNING state, process has stayed up for > than 5 seconds (startsecs)
2026-02-19 10:07:57,371 INFO success: baileys entered RUNNING state, process has stayed up for > than 10 seconds (startsecs)
2026-02-19 10:11:25,683 WARN received SIGTERM indicating exit request
2026-02-19 10:11:25,683 INFO waiting for redis, baileys, fastapi to die
2026-02-19 10:11:25,848 INFO stopped: fastapi (exit status 0)
2026-02-19 10:11:25,857 WARN stopped: baileys (terminated by SIGTERM)
2026-02-19 10:11:25,902 INFO stopped: redis (exit status 0)
2026-02-19 10:14:56,081 CRIT Supervisor is running as root.  Privileges were not dropped because no user is specified in the config file.  If you intend to run as root, you can set user=root in the config file to avoid this message.
2026-02-19 10:14:56,089 INFO RPC interface 'supervisor' initialized
2026-02-19 10:14:56,089 CRIT Server 'unix_http_server' running without any HTTP authentication checking
2026-02-19 10:14:56,095 INFO supervisord started with pid 1
2026-02-19 10:14:57,097 INFO spawned: 'redis' with pid 8
2026-02-19 10:14:57,099 INFO spawned: 'baileys' with pid 9
2026-02-19 10:14:57,101 INFO spawned: 'fastapi' with pid 10
2026-02-19 10:14:58,552 INFO success: redis entered RUNNING state, process has stayed up for > than 1 seconds (startsecs)
2026-02-19 10:15:02,101 INFO success: fastapi entered RUNNING state, process has stayed up for > than 5 seconds (startsecs)
2026-02-19 10:15:07,105 INFO success: baileys entered RUNNING state, process has stayed up for > than 10 seconds (startsecs)
2026-02-19 10:17:41,474 WARN received SIGTERM indicating exit request
2026-02-19 10:17:41,475 INFO waiting for redis, baileys, fastapi to die
2026-02-19 10:17:41,720 INFO stopped: fastapi (exit status 0)
2026-02-19 10:17:41,729 WARN stopped: baileys (terminated by SIGTERM)
2026-02-19 10:17:41,791 INFO stopped: redis (exit status 0)
2026-02-19 10:17:44,214 CRIT Supervisor is running as root.  Privileges were not dropped because no user is specified in the config file.  If you intend to run as root, you can set user=root in the config file to avoid this message.
2026-02-19 10:17:44,220 INFO RPC interface 'supervisor' initialized
2026-02-19 10:17:44,220 CRIT Server 'unix_http_server' running without any HTTP authentication checking
2026-02-19 10:17:44,225 INFO supervisord started with pid 1
2026-02-19 10:17:45,228 INFO spawned: 'redis' with pid 8
2026-02-19 10:17:45,230 INFO spawned: 'baileys' with pid 9
2026-02-19 10:17:45,231 INFO spawned: 'fastapi' with pid 10
2026-02-19 10:17:46,654 INFO success: redis entered RUNNING state, process has stayed up for > than 1 seconds (startsecs)
2026-02-19 10:17:50,244 INFO success: fastapi entered RUNNING state, process has stayed up for > than 5 seconds (startsecs)
2026-02-19 10:17:55,302 INFO success: baileys entered RUNNING state, process has stayed up for > than 10 seconds (startsecs)
2026-02-19 10:21:00,700 WARN received SIGTERM indicating exit request
2026-02-19 10:21:00,700 INFO waiting for redis, baileys, fastapi to die
2026-02-19 10:21:00,932 INFO stopped: fastapi (exit status 0)
2026-02-19 10:21:00,942 WARN stopped: baileys (terminated by SIGTERM)
2026-02-19 10:21:01,007 INFO stopped: redis (exit status 0)
2026-02-19 10:21:03,445 CRIT Supervisor is running as root.  Privileges were not dropped because no user is specified in the config file.  If you intend to run as root, you can set user=root in the config file to avoid this message.
2026-02-19 10:21:03,452 INFO RPC interface 'supervisor' initialized
2026-02-19 10:21:03,452 CRIT Server 'unix_http_server' running without any HTTP authentication checking
2026-02-19 10:21:03,452 INFO supervisord started with pid 1
2026-02-19 10:21:04,454 INFO spawned: 'redis' with pid 8
2026-02-19 10:21:04,456 INFO spawned: 'baileys' with pid 9
2026-02-19 10:21:04,457 INFO spawned: 'fastapi' with pid 10
2026-02-19 10:21:04,484 WARN exited: baileys (exit status 1; not expected)
2026-02-19 10:21:05,818 INFO success: redis entered RUNNING state, process has stayed up for > than 1 seconds (startsecs)
2026-02-19 10:21:05,820 INFO spawned: 'baileys' with pid 29
2026-02-19 10:21:05,851 WARN exited: baileys (exit status 1; not expected)
2026-02-19 10:21:08,472 INFO spawned: 'baileys' with pid 47
2026-02-19 10:21:08,497 WARN exited: baileys (exit status 1; not expected)
2026-02-19 10:21:09,499 INFO success: fastapi entered RUNNING state, process has stayed up for > than 5 seconds (startsecs)
2026-02-19 10:21:11,503 INFO spawned: 'baileys' with pid 58
2026-02-19 10:21:11,535 WARN exited: baileys (exit status 1; not expected)
2026-02-19 10:21:15,540 INFO spawned: 'baileys' with pid 69
2026-02-19 10:21:15,567 WARN exited: baileys (exit status 1; not expected)
2026-02-19 10:21:20,953 INFO spawned: 'baileys' with pid 80
2026-02-19 10:21:20,977 WARN exited: baileys (exit status 1; not expected)
2026-02-19 10:21:21,464 INFO gave up: baileys entered FATAL state, too many start retries too quickly
2026-02-19 10:22:20,621 WARN received SIGTERM indicating exit request
2026-02-19 10:22:20,621 INFO waiting for redis, fastapi to die
2026-02-19 10:22:20,799 INFO stopped: fastapi (exit status 0)
2026-02-19 10:22:21,921 INFO stopped: redis (exit status 0)
2026-02-19 10:22:41,307 CRIT Supervisor is running as root.  Privileges were not dropped because no user is specified in the config file.  If you intend to run as root, you can set user=root in the config file to avoid this message.
2026-02-19 10:22:41,313 INFO RPC interface 'supervisor' initialized
2026-02-19 10:22:41,313 CRIT Server 'unix_http_server' running without any HTTP authentication checking
2026-02-19 10:22:41,313 INFO supervisord started with pid 1
2026-02-19 10:22:42,316 INFO spawned: 'redis' with pid 8
2026-02-19 10:22:42,317 INFO spawned: 'baileys' with pid 9
2026-02-19 10:22:42,319 INFO spawned: 'fastapi' with pid 10
2026-02-19 10:22:42,343 WARN exited: baileys (exit status 1; not expected)
2026-02-19 10:22:43,664 INFO success: redis entered RUNNING state, process has stayed up for > than 1 seconds (startsecs)
2026-02-19 10:22:43,665 INFO spawned: 'baileys' with pid 29
2026-02-19 10:22:43,694 WARN exited: baileys (exit status 1; not expected)
2026-02-19 10:22:45,697 INFO spawned: 'baileys' with pid 40
2026-02-19 10:22:45,729 WARN exited: baileys (exit status 1; not expected)
2026-02-19 10:22:47,334 INFO success: fastapi entered RUNNING state, process has stayed up for > than 5 seconds (startsecs)
2026-02-19 10:22:49,337 INFO spawned: 'baileys' with pid 58
2026-02-19 10:22:49,363 WARN exited: baileys (exit status 1; not expected)
2026-02-19 10:22:53,369 INFO spawned: 'baileys' with pid 69
2026-02-19 10:22:53,401 WARN exited: baileys (exit status 1; not expected)
2026-02-19 10:22:58,407 INFO spawned: 'baileys' with pid 80
2026-02-19 10:22:58,437 WARN exited: baileys (exit status 1; not expected)
2026-02-19 10:22:59,438 INFO gave up: baileys entered FATAL state, too many start retries too quickly
2026-02-19 10:24:46,567 WARN received SIGTERM indicating exit request
2026-02-19 10:24:46,568 INFO waiting for redis, fastapi to die
2026-02-19 10:24:46,743 INFO stopped: fastapi (exit status 0)
2026-02-19 10:24:47,862 INFO stopped: redis (exit status 0)
2026-02-19 10:24:50,395 CRIT Supervisor is running as root.  Privileges were not dropped because no user is specified in the config file.  If you intend to run as root, you can set user=root in the config file to avoid this message.
2026-02-19 10:24:50,401 INFO RPC interface 'supervisor' initialized
2026-02-19 10:24:50,401 CRIT Server 'unix_http_server' running without any HTTP authentication checking
2026-02-19 10:24:50,406 INFO supervisord started with pid 1
2026-02-19 10:24:51,408 INFO spawned: 'redis' with pid 8
2026-02-19 10:24:51,410 INFO spawned: 'baileys' with pid 9
2026-02-19 10:24:51,411 INFO spawned: 'fastapi' with pid 10
2026-02-19 10:24:52,844 INFO success: redis entered RUNNING state, process has stayed up for > than 1 seconds (startsecs)
2026-02-19 10:24:56,421 INFO success: fastapi entered RUNNING state, process has stayed up for > than 5 seconds (startsecs)
2026-02-19 10:25:01,426 INFO success: baileys entered RUNNING state, process has stayed up for > than 10 seconds (startsecs)
2026-02-19 10:30:34,201 WARN received SIGTERM indicating exit request
2026-02-19 10:30:34,201 INFO waiting for redis, baileys, fastapi to die
2026-02-19 10:30:34,373 INFO stopped: fastapi (exit status 0)
2026-02-19 10:30:34,380 WARN stopped: baileys (terminated by SIGTERM)
2026-02-19 10:30:34,501 INFO stopped: redis (exit status 0)
2026-02-19 10:30:51,059 CRIT Supervisor is running as root.  Privileges were not dropped because no user is specified in the config file.  If you intend to run as root, you can set user=root in the config file to avoid this message.
2026-02-19 10:30:51,066 INFO RPC interface 'supervisor' initialized
2026-02-19 10:30:51,066 CRIT Server 'unix_http_server' running without any HTTP authentication checking
2026-02-19 10:30:51,071 INFO supervisord started with pid 1
2026-02-19 10:30:52,073 INFO spawned: 'redis' with pid 8
2026-02-19 10:30:52,075 INFO spawned: 'baileys' with pid 9
2026-02-19 10:30:52,076 INFO spawned: 'fastapi' with pid 10
2026-02-19 10:30:53,544 INFO success: redis entered RUNNING state, process has stayed up for > than 1 seconds (startsecs)
2026-02-19 10:30:57,087 INFO success: fastapi entered RUNNING state, process has stayed up for > than 5 seconds (startsecs)
2026-02-19 10:31:02,947 INFO success: baileys entered RUNNING state, process has stayed up for > than 10 seconds (startsecs)
2026-02-19 10:33:58,495 WARN received SIGTERM indicating exit request
2026-02-19 10:33:58,495 INFO waiting for redis, baileys, fastapi to die
2026-02-19 10:33:58,732 INFO stopped: fastapi (exit status 0)
2026-02-19 10:33:58,742 WARN stopped: baileys (terminated by SIGTERM)
2026-02-19 10:33:58,841 INFO stopped: redis (exit status 0)
2026-02-19 10:33:59,234 CRIT Supervisor is running as root.  Privileges were not dropped because no user is specified in the config file.  If you intend to run as root, you can set user=root in the config file to avoid this message.
2026-02-19 10:33:59,236 INFO RPC interface 'supervisor' initialized
2026-02-19 10:33:59,236 CRIT Server 'unix_http_server' running without any HTTP authentication checking
2026-02-19 10:33:59,237 INFO supervisord started with pid 1
2026-02-19 10:34:00,239 INFO spawned: 'redis' with pid 8
2026-02-19 10:34:00,241 INFO spawned: 'baileys' with pid 9
2026-02-19 10:34:00,242 INFO spawned: 'fastapi' with pid 10
2026-02-19 10:34:01,542 INFO success: redis entered RUNNING state, process has stayed up for > than 1 seconds (startsecs)
2026-02-19 10:34:05,539 INFO success: fastapi entered RUNNING state, process has stayed up for > than 5 seconds (startsecs)
2026-02-19 10:34:11,041 INFO success: baileys entered RUNNING state, process has stayed up for > than 10 seconds (startsecs)
2026-02-19 10:37:14,670 WARN received SIGTERM indicating exit request
2026-02-19 10:37:14,670 INFO waiting for redis, baileys, fastapi to die
2026-02-19 10:37:14,909 INFO stopped: fastapi (exit status 0)
2026-02-19 10:37:14,918 WARN stopped: baileys (terminated by SIGTERM)
2026-02-19 10:37:14,989 INFO stopped: redis (exit status 0)
2026-02-19 10:37:23,648 CRIT Supervisor is running as root.  Privileges were not dropped because no user is specified in the config file.  If you intend to run as root, you can set user=root in the config file to avoid this message.
2026-02-19 10:37:23,655 INFO RPC interface 'supervisor' initialized
2026-02-19 10:37:23,655 CRIT Server 'unix_http_server' running without any HTTP authentication checking
2026-02-19 10:37:23,660 INFO supervisord started with pid 1
2026-02-19 10:37:24,663 INFO spawned: 'redis' with pid 8
2026-02-19 10:37:24,665 INFO spawned: 'baileys' with pid 9
2026-02-19 10:37:24,666 INFO spawned: 'fastapi' with pid 10
2026-02-19 10:37:26,096 INFO success: redis entered RUNNING state, process has stayed up for > than 1 seconds (startsecs)
2026-02-19 10:37:29,677 INFO success: fastapi entered RUNNING state, process has stayed up for > than 5 seconds (startsecs)
2026-02-19 10:37:35,578 INFO success: baileys entered RUNNING state, process has stayed up for > than 10 seconds (startsecs)
2026-02-19 10:40:04,074 WARN received SIGTERM indicating exit request
2026-02-19 10:40:04,074 INFO waiting for redis, baileys, fastapi to die
2026-02-19 10:40:04,230 INFO stopped: fastapi (exit status 0)
2026-02-19 10:40:04,238 WARN stopped: baileys (terminated by SIGTERM)
2026-02-19 10:40:04,337 INFO stopped: redis (exit status 0)
2026-02-19 10:40:09,224 CRIT Supervisor is running as root.  Privileges were not dropped because no user is specified in the config file.  If you intend to run as root, you can set user=root in the config file to avoid this message.
2026-02-19 10:40:09,231 INFO RPC interface 'supervisor' initialized
2026-02-19 10:40:09,231 CRIT Server 'unix_http_server' running without any HTTP authentication checking
2026-02-19 10:40:09,236 INFO supervisord started with pid 1
2026-02-19 10:40:10,239 INFO spawned: 'redis' with pid 8
2026-02-19 10:40:10,241 INFO spawned: 'baileys' with pid 9
2026-02-19 10:40:10,243 INFO spawned: 'fastapi' with pid 10
2026-02-19 10:40:11,683 INFO success: redis entered RUNNING state, process has stayed up for > than 1 seconds (startsecs)
2026-02-19 10:40:15,265 INFO success: fastapi entered RUNNING state, process has stayed up for > than 5 seconds (startsecs)
2026-02-19 10:40:20,510 INFO success: baileys entered RUNNING state, process has stayed up for > than 10 seconds (startsecs)
2026-02-19 10:54:11,200 WARN received SIGTERM indicating exit request
2026-02-19 10:54:11,200 INFO waiting for redis, baileys, fastapi to die
2026-02-19 10:54:11,453 INFO stopped: fastapi (exit status 0)
2026-02-19 10:54:11,459 WARN stopped: baileys (terminated by SIGTERM)
2026-02-19 10:54:11,546 INFO stopped: redis (exit status 0)
2026-02-19 10:54:11,902 CRIT Supervisor is running as root.  Privileges were not dropped because no user is specified in the config file.  If you intend to run as root, you can set user=root in the config file to avoid this message.
2026-02-19 10:54:11,903 INFO RPC interface 'supervisor' initialized
2026-02-19 10:54:11,903 CRIT Server 'unix_http_server' running without any HTTP authentication checking
2026-02-19 10:54:11,904 INFO supervisord started with pid 1
2026-02-19 10:54:12,906 INFO spawned: 'redis' with pid 8
2026-02-19 10:54:12,907 INFO spawned: 'baileys' with pid 9
2026-02-19 10:54:12,908 INFO spawned: 'fastapi' with pid 10
2026-02-19 10:54:14,396 INFO success: redis entered RUNNING state, process has stayed up for > than 1 seconds (startsecs)
2026-02-19 10:54:17,939 INFO success: fastapi entered RUNNING state, process has stayed up for > than 5 seconds (startsecs)
2026-02-19 10:54:23,047 INFO success: baileys entered RUNNING state, process has stayed up for > than 10 seconds (startsecs)
2026-02-19 11:06:13,578 WARN received SIGTERM indicating exit request
2026-02-19 11:06:13,578 INFO waiting for redis, baileys, fastapi to die
2026-02-19 11:06:13,769 INFO stopped: fastapi (exit status 0)
2026-02-19 11:06:13,780 WARN stopped: baileys (terminated by SIGTERM)
2026-02-19 11:06:13,855 INFO stopped: redis (exit status 0)
2026-02-19 11:06:19,534 CRIT Supervisor is running as root.  Privileges were not dropped because no user is specified in the config file.  If you intend to run as root, you can set user=root in the config file to avoid this message.
2026-02-19 11:06:19,541 INFO RPC interface 'supervisor' initialized
2026-02-19 11:06:19,541 CRIT Server 'unix_http_server' running without any HTTP authentication checking
2026-02-19 11:06:19,547 INFO supervisord started with pid 1
2026-02-19 11:06:20,550 INFO spawned: 'redis' with pid 8
2026-02-19 11:06:20,552 INFO spawned: 'baileys' with pid 9
2026-02-19 11:06:20,553 INFO spawned: 'fastapi' with pid 10
2026-02-19 11:06:21,914 INFO success: redis entered RUNNING state, process has stayed up for > than 1 seconds (startsecs)
2026-02-19 11:06:25,561 INFO success: fastapi entered RUNNING state, process has stayed up for > than 5 seconds (startsecs)
2026-02-19 11:06:30,566 INFO success: baileys entered RUNNING state, process has stayed up for > than 10 seconds (startsecs)
2026-02-19 11:11:26,246 WARN received SIGTERM indicating exit request
2026-02-19 11:11:26,246 INFO waiting for redis, baileys, fastapi to die
2026-02-19 11:11:26,401 INFO stopped: fastapi (exit status 0)
2026-02-19 11:11:26,411 WARN stopped: baileys (terminated by SIGTERM)
2026-02-19 11:11:26,494 INFO stopped: redis (exit status 0)
2026-02-19 11:11:32,365 CRIT Supervisor is running as root.  Privileges were not dropped because no user is specified in the config file.  If you intend to run as root, you can set user=root in the config file to avoid this message.
2026-02-19 11:11:32,371 INFO RPC interface 'supervisor' initialized
2026-02-19 11:11:32,371 CRIT Server 'unix_http_server' running without any HTTP authentication checking
2026-02-19 11:11:32,376 INFO supervisord started with pid 1
2026-02-19 11:11:33,379 INFO spawned: 'redis' with pid 8
2026-02-19 11:11:33,381 INFO spawned: 'baileys' with pid 9
2026-02-19 11:11:33,382 INFO spawned: 'fastapi' with pid 10
2026-02-19 11:11:34,816 INFO success: redis entered RUNNING state, process has stayed up for > than 1 seconds (startsecs)
2026-02-19 11:11:38,383 INFO success: fastapi entered RUNNING state, process has stayed up for > than 5 seconds (startsecs)
2026-02-19 11:11:43,388 INFO success: baileys entered RUNNING state, process has stayed up for > than 10 seconds (startsecs)
2026-02-19 11:22:17,812 WARN received SIGTERM indicating exit request
2026-02-19 11:22:17,813 INFO waiting for redis, baileys, fastapi to die
2026-02-19 11:22:17,994 INFO stopped: fastapi (exit status 0)
2026-02-19 11:22:18,003 WARN stopped: baileys (terminated by SIGTERM)
2026-02-19 11:22:18,112 INFO stopped: redis (exit status 0)
2026-02-19 11:22:32,055 CRIT Supervisor is running as root.  Privileges were not dropped because no user is specified in the config file.  If you intend to run as root, you can set user=root in the config file to avoid this message.
2026-02-19 11:22:32,062 INFO RPC interface 'supervisor' initialized
2026-02-19 11:22:32,062 CRIT Server 'unix_http_server' running without any HTTP authentication checking
2026-02-19 11:22:32,067 INFO supervisord started with pid 1
2026-02-19 11:22:33,069 INFO spawned: 'redis' with pid 8
2026-02-19 11:22:33,071 INFO spawned: 'baileys' with pid 9
2026-02-19 11:22:33,072 INFO spawned: 'fastapi' with pid 10
2026-02-19 11:22:33,213 WARN exited: baileys (exit status 1; not expected)
2026-02-19 11:22:34,419 INFO success: redis entered RUNNING state, process has stayed up for > than 1 seconds (startsecs)
2026-02-19 11:22:34,420 INFO spawned: 'baileys' with pid 29
2026-02-19 11:22:34,565 WARN exited: baileys (exit status 1; not expected)
2026-02-19 11:22:36,569 INFO spawned: 'baileys' with pid 40
2026-02-19 11:22:36,713 WARN exited: baileys (exit status 1; not expected)
2026-02-19 11:22:38,072 INFO success: fastapi entered RUNNING state, process has stayed up for > than 5 seconds (startsecs)
2026-02-19 11:22:39,960 INFO spawned: 'baileys' with pid 58
2026-02-19 11:22:40,105 WARN exited: baileys (exit status 1; not expected)
2026-02-19 11:22:44,111 INFO spawned: 'baileys' with pid 69
2026-02-19 11:22:44,259 WARN exited: baileys (exit status 1; not expected)
2026-02-19 11:22:49,266 INFO spawned: 'baileys' with pid 80
2026-02-19 11:22:49,404 WARN exited: baileys (exit status 1; not expected)
2026-02-19 11:22:50,405 INFO gave up: baileys entered FATAL state, too many start retries too quickly
2026-02-19 11:23:03,419 WARN received SIGTERM indicating exit request
2026-02-19 11:23:03,419 INFO waiting for redis, fastapi to die
2026-02-19 11:23:03,639 INFO stopped: fastapi (exit status 0)
2026-02-19 11:23:04,693 INFO stopped: redis (exit status 0)
2026-02-19 11:24:03,489 CRIT Supervisor is running as root.  Privileges were not dropped because no user is specified in the config file.  If you intend to run as root, you can set user=root in the config file to avoid this message.
2026-02-19 11:24:03,496 INFO RPC interface 'supervisor' initialized
2026-02-19 11:24:03,496 CRIT Server 'unix_http_server' running without any HTTP authentication checking
2026-02-19 11:24:03,501 INFO supervisord started with pid 1
2026-02-19 11:24:04,503 INFO spawned: 'redis' with pid 8
2026-02-19 11:24:04,505 INFO spawned: 'baileys' with pid 9
2026-02-19 11:24:04,507 INFO spawned: 'fastapi' with pid 10
2026-02-19 11:24:05,947 INFO success: redis entered RUNNING state, process has stayed up for > than 1 seconds (startsecs)
2026-02-19 11:24:09,516 INFO success: fastapi entered RUNNING state, process has stayed up for > than 5 seconds (startsecs)
2026-02-19 11:24:14,522 INFO success: baileys entered RUNNING state, process has stayed up for > than 10 seconds (startsecs)
2026-02-19 11:39:12,581 WARN received SIGTERM indicating exit request
2026-02-19 11:39:12,581 INFO waiting for redis, baileys, fastapi to die
2026-02-19 11:39:12,794 INFO stopped: fastapi (exit status 0)
2026-02-19 11:39:12,802 WARN stopped: baileys (terminated by SIGTERM)
2026-02-19 11:39:12,824 INFO stopped: redis (exit status 0)
2026-02-19 11:43:29,705 CRIT Supervisor is running as root.  Privileges were not dropped because no user is specified in the config file.  If you intend to run as root, you can set user=root in the config file to avoid this message.
2026-02-19 11:43:29,713 INFO RPC interface 'supervisor' initialized
2026-02-19 11:43:29,713 CRIT Server 'unix_http_server' running without any HTTP authentication checking
2026-02-19 11:43:29,714 INFO supervisord started with pid 1
2026-02-19 11:43:30,716 INFO spawned: 'redis' with pid 8
2026-02-19 11:43:30,717 INFO spawned: 'baileys' with pid 9
2026-02-19 11:43:30,718 INFO spawned: 'fastapi' with pid 10
2026-02-19 11:43:30,867 WARN exited: baileys (exit status 1; not expected)
2026-02-19 11:43:32,515 INFO success: redis entered RUNNING state, process has stayed up for > than 1 seconds (startsecs)
2026-02-19 11:43:32,517 INFO spawned: 'baileys' with pid 29
2026-02-19 11:43:32,667 WARN exited: baileys (exit status 1; not expected)
2026-02-19 11:43:34,670 INFO spawned: 'baileys' with pid 46
2026-02-19 11:43:34,826 WARN exited: baileys (exit status 1; not expected)
2026-02-19 11:43:35,827 INFO success: fastapi entered RUNNING state, process has stayed up for > than 5 seconds (startsecs)
2026-02-19 11:43:37,830 INFO spawned: 'baileys' with pid 58
2026-02-19 11:43:37,972 WARN exited: baileys (exit status 1; not expected)
2026-02-19 11:43:42,268 INFO spawned: 'baileys' with pid 69
2026-02-19 11:43:42,411 WARN exited: baileys (exit status 1; not expected)
2026-02-19 11:43:47,417 INFO spawned: 'baileys' with pid 80
2026-02-19 11:43:47,577 WARN exited: baileys (exit status 1; not expected)
2026-02-19 11:43:48,579 INFO gave up: baileys entered FATAL state, too many start retries too quickly
2026-02-19 13:10:29,543 WARN received SIGTERM indicating exit request
2026-02-19 13:10:29,543 INFO waiting for redis, fastapi to die
2026-02-19 13:10:29,743 INFO stopped: fastapi (exit status 0)
2026-02-19 13:10:30,817 INFO stopped: redis (exit status 0)
2026-02-19 13:14:59,412 CRIT Supervisor is running as root.  Privileges were not dropped because no user is specified in the config file.  If you intend to run as root, you can set user=root in the config file to avoid this message.
2026-02-19 13:14:59,419 INFO RPC interface 'supervisor' initialized
2026-02-19 13:14:59,419 CRIT Server 'unix_http_server' running without any HTTP authentication checking
2026-02-19 13:14:59,424 INFO supervisord started with pid 1
2026-02-19 13:15:00,426 INFO spawned: 'redis' with pid 8
2026-02-19 13:15:00,428 INFO spawned: 'baileys' with pid 9
2026-02-19 13:15:00,429 INFO spawned: 'fastapi' with pid 10
2026-02-19 13:15:01,859 INFO success: redis entered RUNNING state, process has stayed up for > than 1 seconds (startsecs)
2026-02-19 13:15:05,442 INFO success: fastapi entered RUNNING state, process has stayed up for > than 5 seconds (startsecs)
2026-02-19 13:15:10,562 INFO success: baileys entered RUNNING state, process has stayed up for > than 10 seconds (startsecs)
2026-02-19 13:26:11,994 WARN received SIGTERM indicating exit request
2026-02-19 13:26:11,994 INFO waiting for redis, baileys, fastapi to die
2026-02-19 13:26:12,158 INFO stopped: fastapi (exit status 0)
2026-02-19 13:26:12,163 WARN stopped: baileys (terminated by SIGTERM)
2026-02-19 13:26:12,249 INFO stopped: redis (exit status 0)
2026-02-19 13:30:22,582 CRIT Supervisor is running as root.  Privileges were not dropped because no user is specified in the config file.  If you intend to run as root, you can set user=root in the config file to avoid this message.
2026-02-19 13:30:22,589 INFO RPC interface 'supervisor' initialized
2026-02-19 13:30:22,589 CRIT Server 'unix_http_server' running without any HTTP authentication checking
2026-02-19 13:30:22,594 INFO supervisord started with pid 1
2026-02-19 13:30:23,596 INFO spawned: 'redis' with pid 8
2026-02-19 13:30:23,598 INFO spawned: 'baileys' with pid 9
2026-02-19 13:30:23,599 INFO spawned: 'fastapi' with pid 10
2026-02-19 13:30:25,063 INFO success: redis entered RUNNING state, process has stayed up for > than 1 seconds (startsecs)
2026-02-19 13:30:28,635 INFO success: fastapi entered RUNNING state, process has stayed up for > than 5 seconds (startsecs)
2026-02-19 13:30:33,998 INFO success: baileys entered RUNNING state, process has stayed up for > than 10 seconds (startsecs)
2026-02-19 13:30:54,017 WARN received SIGTERM indicating exit request
2026-02-19 13:30:54,017 INFO waiting for redis, baileys, fastapi to die
2026-02-19 13:30:54,178 INFO stopped: fastapi (exit status 0)
2026-02-19 13:30:54,188 WARN stopped: baileys (terminated by SIGTERM)
2026-02-19 13:30:54,228 INFO stopped: redis (exit status 0)
2026-02-19 13:30:58,347 CRIT Supervisor is running as root.  Privileges were not dropped because no user is specified in the config file.  If you intend to run as root, you can set user=root in the config file to avoid this message.
2026-02-19 13:30:58,354 INFO RPC interface 'supervisor' initialized
2026-02-19 13:30:58,354 CRIT Server 'unix_http_server' running without any HTTP authentication checking
2026-02-19 13:30:58,359 INFO supervisord started with pid 1
2026-02-19 13:30:59,361 INFO spawned: 'redis' with pid 8
2026-02-19 13:30:59,362 INFO spawned: 'baileys' with pid 9
2026-02-19 13:30:59,363 INFO spawned: 'fastapi' with pid 10
2026-02-19 13:31:00,782 INFO success: redis entered RUNNING state, process has stayed up for > than 1 seconds (startsecs)
2026-02-19 13:31:04,382 INFO success: fastapi entered RUNNING state, process has stayed up for > than 5 seconds (startsecs)
2026-02-19 13:31:09,465 INFO success: baileys entered RUNNING state, process has stayed up for > than 10 seconds (startsecs)
2026-02-19 13:32:09,516 WARN received SIGTERM indicating exit request
2026-02-19 13:32:09,517 INFO waiting for redis, baileys, fastapi to die
2026-02-19 13:32:09,743 INFO stopped: fastapi (exit status 0)
2026-02-19 13:32:09,749 WARN stopped: baileys (terminated by SIGTERM)
2026-02-19 13:32:09,796 INFO stopped: redis (exit status 0)
2026-02-19 13:32:18,581 CRIT Supervisor is running as root.  Privileges were not dropped because no user is specified in the config file.  If you intend to run as root, you can set user=root in the config file to avoid this message.
2026-02-19 13:32:18,587 INFO RPC interface 'supervisor' initialized
2026-02-19 13:32:18,587 CRIT Server 'unix_http_server' running without any HTTP authentication checking
2026-02-19 13:32:18,592 INFO supervisord started with pid 1
2026-02-19 13:32:19,595 INFO spawned: 'redis' with pid 8
2026-02-19 13:32:19,597 INFO spawned: 'baileys' with pid 9
2026-02-19 13:32:19,598 INFO spawned: 'fastapi' with pid 10
2026-02-19 13:32:21,059 INFO success: redis entered RUNNING state, process has stayed up for > than 1 seconds (startsecs)
2026-02-19 13:32:24,600 INFO success: fastapi entered RUNNING state, process has stayed up for > than 5 seconds (startsecs)
2026-02-19 13:32:29,605 INFO success: baileys entered RUNNING state, process has stayed up for > than 10 seconds (startsecs)
