8:C 24 Mar 2026 17:49:18.813 # oO0OoO0OoO0Oo Redis is starting oO0OoO0OoO0Oo
8:C 24 Mar 2026 17:49:18.813 # Redis version=7.0.15, bits=64, commit=00000000, modified=0, pid=8, just started
8:C 24 Mar 2026 17:49:18.813 # Configuration loaded
8:M 24 Mar 2026 17:49:18.813 * Increased maximum number of open files to 10032 (it was originally set to 1024).
8:M 24 Mar 2026 17:49:18.813 * monotonic clock: POSIX clock_gettime
8:M 24 Mar 2026 17:49:18.814 * Running mode=standalone, port=6379.
8:M 24 Mar 2026 17:49:18.814 # Server initialized
8:M 24 Mar 2026 17:49:18.814 # WARNING Memory overcommit must be enabled! Without it, a background save or replication may fail under low memory condition. Being disabled, it can can also cause failures without low memory condition, see https://github.com/jemalloc/jemalloc/issues/1328. To fix this issue add 'vm.overcommit_memory = 1' to /etc/sysctl.conf and then reboot or run the command 'sysctl vm.overcommit_memory=1' for this to take effect.
8:M 24 Mar 2026 17:49:18.820 * Creating AOF base file appendonly.aof.1.base.rdb on server start
8:M 24 Mar 2026 17:49:18.831 * Creating AOF incr file appendonly.aof.1.incr.aof on server start
8:M 24 Mar 2026 17:49:18.831 * Ready to accept connections
8:signal-handler (1774367751) Received SIGTERM scheduling shutdown...
8:M 24 Mar 2026 17:55:51.134 # User requested shutdown...
8:M 24 Mar 2026 17:55:51.134 * Calling fsync() on the AOF file.
8:M 24 Mar 2026 17:55:51.134 * Saving the final RDB snapshot before exiting.
8:M 24 Mar 2026 17:55:51.145 * DB saved on disk
8:M 24 Mar 2026 17:55:51.145 # Redis is now ready to exit, bye bye...
8:C 24 Mar 2026 17:57:15.212 # oO0OoO0OoO0Oo Redis is starting oO0OoO0OoO0Oo
8:C 24 Mar 2026 17:57:15.212 # Redis version=7.0.15, bits=64, commit=00000000, modified=0, pid=8, just started
8:C 24 Mar 2026 17:57:15.212 # Configuration loaded
8:M 24 Mar 2026 17:57:15.212 * Increased maximum number of open files to 10032 (it was originally set to 1024).
8:M 24 Mar 2026 17:57:15.212 * monotonic clock: POSIX clock_gettime
8:M 24 Mar 2026 17:57:15.213 * Running mode=standalone, port=6379.
8:M 24 Mar 2026 17:57:15.213 # Server initialized
8:M 24 Mar 2026 17:57:15.213 # WARNING Memory overcommit must be enabled! Without it, a background save or replication may fail under low memory condition. Being disabled, it can can also cause failures without low memory condition, see https://github.com/jemalloc/jemalloc/issues/1328. To fix this issue add 'vm.overcommit_memory = 1' to /etc/sysctl.conf and then reboot or run the command 'sysctl vm.overcommit_memory=1' for this to take effect.
8:M 24 Mar 2026 17:57:15.227 * Creating AOF base file appendonly.aof.1.base.rdb on server start
8:M 24 Mar 2026 17:57:15.237 * Creating AOF incr file appendonly.aof.1.incr.aof on server start
8:M 24 Mar 2026 17:57:15.237 * Ready to accept connections
8:signal-handler (1774368122) Received SIGTERM scheduling shutdown...
8:M 24 Mar 2026 18:02:02.941 # User requested shutdown...
8:M 24 Mar 2026 18:02:02.941 * Calling fsync() on the AOF file.
8:M 24 Mar 2026 18:02:02.942 * Saving the final RDB snapshot before exiting.
8:M 24 Mar 2026 18:02:02.953 * DB saved on disk
8:M 24 Mar 2026 18:02:02.953 # Redis is now ready to exit, bye bye...
8:C 24 Mar 2026 18:02:04.392 # oO0OoO0OoO0Oo Redis is starting oO0OoO0OoO0Oo
8:C 24 Mar 2026 18:02:04.392 # Redis version=7.0.15, bits=64, commit=00000000, modified=0, pid=8, just started
8:C 24 Mar 2026 18:02:04.392 # Configuration loaded
8:M 24 Mar 2026 18:02:04.392 * Increased maximum number of open files to 10032 (it was originally set to 1024).
8:M 24 Mar 2026 18:02:04.392 * monotonic clock: POSIX clock_gettime
8:M 24 Mar 2026 18:02:04.392 * Running mode=standalone, port=6379.
8:M 24 Mar 2026 18:02:04.392 # Server initialized
8:M 24 Mar 2026 18:02:04.392 # WARNING Memory overcommit must be enabled! Without it, a background save or replication may fail under low memory condition. Being disabled, it can can also cause failures without low memory condition, see https://github.com/jemalloc/jemalloc/issues/1328. To fix this issue add 'vm.overcommit_memory = 1' to /etc/sysctl.conf and then reboot or run the command 'sysctl vm.overcommit_memory=1' for this to take effect.
8:M 24 Mar 2026 18:02:04.393 * Reading RDB base file on AOF loading...
8:M 24 Mar 2026 18:02:04.393 * Loading RDB produced by version 7.0.15
8:M 24 Mar 2026 18:02:04.393 * RDB age 289 seconds
8:M 24 Mar 2026 18:02:04.393 * RDB memory usage when created 0.84 Mb
8:M 24 Mar 2026 18:02:04.393 * RDB is base AOF
8:M 24 Mar 2026 18:02:04.393 * Done loading RDB, keys loaded: 0, keys expired: 0.
8:M 24 Mar 2026 18:02:04.393 * DB loaded from base file appendonly.aof.1.base.rdb: 0.000 seconds
8:M 24 Mar 2026 18:02:04.393 * DB loaded from append only file: 0.000 seconds
8:M 24 Mar 2026 18:02:04.393 * Opening AOF incr file appendonly.aof.1.incr.aof on server start
8:M 24 Mar 2026 18:02:04.393 * Ready to accept connections
8:signal-handler (1774369324) Received SIGTERM scheduling shutdown...
8:M 24 Mar 2026 18:22:04.471 # User requested shutdown...
8:M 24 Mar 2026 18:22:04.471 * Calling fsync() on the AOF file.
8:M 24 Mar 2026 18:22:04.480 * Saving the final RDB snapshot before exiting.
8:M 24 Mar 2026 18:22:04.490 * DB saved on disk
8:M 24 Mar 2026 18:22:04.490 # Redis is now ready to exit, bye bye...
8:C 24 Mar 2026 18:36:02.198 # oO0OoO0OoO0Oo Redis is starting oO0OoO0OoO0Oo
8:C 24 Mar 2026 18:36:02.198 # Redis version=7.0.15, bits=64, commit=00000000, modified=0, pid=8, just started
8:C 24 Mar 2026 18:36:02.198 # Configuration loaded
8:M 24 Mar 2026 18:36:02.199 * Increased maximum number of open files to 10032 (it was originally set to 1024).
8:M 24 Mar 2026 18:36:02.199 * monotonic clock: POSIX clock_gettime
8:M 24 Mar 2026 18:36:02.199 * Running mode=standalone, port=6379.
8:M 24 Mar 2026 18:36:02.199 # Server initialized
8:M 24 Mar 2026 18:36:02.199 # WARNING Memory overcommit must be enabled! Without it, a background save or replication may fail under low memory condition. Being disabled, it can can also cause failures without low memory condition, see https://github.com/jemalloc/jemalloc/issues/1328. To fix this issue add 'vm.overcommit_memory = 1' to /etc/sysctl.conf and then reboot or run the command 'sysctl vm.overcommit_memory=1' for this to take effect.
8:M 24 Mar 2026 18:36:02.213 * Creating AOF base file appendonly.aof.1.base.rdb on server start
8:M 24 Mar 2026 18:36:02.223 * Creating AOF incr file appendonly.aof.1.incr.aof on server start
8:M 24 Mar 2026 18:36:02.223 * Ready to accept connections
8:signal-handler (1774370562) Received SIGTERM scheduling shutdown...
8:M 24 Mar 2026 18:42:42.483 # User requested shutdown...
8:M 24 Mar 2026 18:42:42.483 * Calling fsync() on the AOF file.
8:M 24 Mar 2026 18:42:42.491 * Saving the final RDB snapshot before exiting.
8:M 24 Mar 2026 18:42:42.502 * DB saved on disk
8:M 24 Mar 2026 18:42:42.502 # Redis is now ready to exit, bye bye...
8:C 24 Mar 2026 18:43:07.291 # oO0OoO0OoO0Oo Redis is starting oO0OoO0OoO0Oo
8:C 24 Mar 2026 18:43:07.291 # Redis version=7.0.15, bits=64, commit=00000000, modified=0, pid=8, just started
8:C 24 Mar 2026 18:43:07.291 # Configuration loaded
8:M 24 Mar 2026 18:43:07.291 * Increased maximum number of open files to 10032 (it was originally set to 1024).
8:M 24 Mar 2026 18:43:07.291 * monotonic clock: POSIX clock_gettime
8:M 24 Mar 2026 18:43:07.292 * Running mode=standalone, port=6379.
8:M 24 Mar 2026 18:43:07.292 # Server initialized
8:M 24 Mar 2026 18:43:07.292 # WARNING Memory overcommit must be enabled! Without it, a background save or replication may fail under low memory condition. Being disabled, it can can also cause failures without low memory condition, see https://github.com/jemalloc/jemalloc/issues/1328. To fix this issue add 'vm.overcommit_memory = 1' to /etc/sysctl.conf and then reboot or run the command 'sysctl vm.overcommit_memory=1' for this to take effect.
8:M 24 Mar 2026 18:43:07.306 * Creating AOF base file appendonly.aof.1.base.rdb on server start
8:M 24 Mar 2026 18:43:07.317 * Creating AOF incr file appendonly.aof.1.incr.aof on server start
8:M 24 Mar 2026 18:43:07.317 * Ready to accept connections
8:C 26 Mar 2026 15:19:57.763 # oO0OoO0OoO0Oo Redis is starting oO0OoO0OoO0Oo
8:C 26 Mar 2026 15:19:57.763 # Redis version=7.0.15, bits=64, commit=00000000, modified=0, pid=8, just started
8:C 26 Mar 2026 15:19:57.763 # Configuration loaded
8:M 26 Mar 2026 15:19:57.763 * Increased maximum number of open files to 10032 (it was originally set to 1024).
8:M 26 Mar 2026 15:19:57.763 * monotonic clock: POSIX clock_gettime
8:M 26 Mar 2026 15:19:57.764 * Running mode=standalone, port=6379.
8:M 26 Mar 2026 15:19:57.764 # Server initialized
8:M 26 Mar 2026 15:19:57.764 # WARNING Memory overcommit must be enabled! Without it, a background save or replication may fail under low memory condition. Being disabled, it can can also cause failures without low memory condition, see https://github.com/jemalloc/jemalloc/issues/1328. To fix this issue add 'vm.overcommit_memory = 1' to /etc/sysctl.conf and then reboot or run the command 'sysctl vm.overcommit_memory=1' for this to take effect.
8:M 26 Mar 2026 15:19:57.765 * Reading RDB base file on AOF loading...
8:M 26 Mar 2026 15:19:57.765 * Loading RDB produced by version 7.0.15
8:M 26 Mar 2026 15:19:57.765 * RDB age 160610 seconds
8:M 26 Mar 2026 15:19:57.765 * RDB memory usage when created 0.84 Mb
8:M 26 Mar 2026 15:19:57.765 * RDB is base AOF
8:M 26 Mar 2026 15:19:57.765 * Done loading RDB, keys loaded: 0, keys expired: 0.
8:M 26 Mar 2026 15:19:57.765 * DB loaded from base file appendonly.aof.1.base.rdb: 0.000 seconds
8:M 26 Mar 2026 15:19:57.765 * DB loaded from append only file: 0.000 seconds
8:M 26 Mar 2026 15:19:57.765 * Opening AOF incr file appendonly.aof.1.incr.aof on server start
8:M 26 Mar 2026 15:19:57.765 * Ready to accept connections
8:signal-handler (1775979012) Received SIGTERM scheduling shutdown...
8:M 12 Apr 2026 10:30:12.638 # User requested shutdown...
8:M 12 Apr 2026 10:30:12.638 * Calling fsync() on the AOF file.
8:M 12 Apr 2026 10:30:12.638 * Saving the final RDB snapshot before exiting.
8:M 12 Apr 2026 10:30:12.650 * DB saved on disk
8:M 12 Apr 2026 10:30:12.650 # Redis is now ready to exit, bye bye...
8:C 12 Apr 2026 10:30:52.953 # oO0OoO0OoO0Oo Redis is starting oO0OoO0OoO0Oo
8:C 12 Apr 2026 10:30:52.953 # Redis version=7.0.15, bits=64, commit=00000000, modified=0, pid=8, just started
8:C 12 Apr 2026 10:30:52.953 # Configuration loaded
8:M 12 Apr 2026 10:30:52.953 * Increased maximum number of open files to 10032 (it was originally set to 1024).
8:M 12 Apr 2026 10:30:52.953 * monotonic clock: POSIX clock_gettime
8:M 12 Apr 2026 10:30:52.954 * Running mode=standalone, port=6379.
8:M 12 Apr 2026 10:30:52.954 # Server initialized
8:M 12 Apr 2026 10:30:52.954 # WARNING Memory overcommit must be enabled! Without it, a background save or replication may fail under low memory condition. Being disabled, it can can also cause failures without low memory condition, see https://github.com/jemalloc/jemalloc/issues/1328. To fix this issue add 'vm.overcommit_memory = 1' to /etc/sysctl.conf and then reboot or run the command 'sysctl vm.overcommit_memory=1' for this to take effect.
8:M 12 Apr 2026 10:30:52.956 * Reading RDB base file on AOF loading...
8:M 12 Apr 2026 10:30:52.956 * Loading RDB produced by version 7.0.15
8:M 12 Apr 2026 10:30:52.956 * RDB age 1608465 seconds
8:M 12 Apr 2026 10:30:52.956 * RDB memory usage when created 0.84 Mb
8:M 12 Apr 2026 10:30:52.956 * RDB is base AOF
8:M 12 Apr 2026 10:30:52.956 * Done loading RDB, keys loaded: 0, keys expired: 0.
8:M 12 Apr 2026 10:30:52.956 * DB loaded from base file appendonly.aof.1.base.rdb: 0.000 seconds
8:M 12 Apr 2026 10:30:52.956 * DB loaded from append only file: 0.000 seconds
8:M 12 Apr 2026 10:30:52.956 * Opening AOF incr file appendonly.aof.1.incr.aof on server start
8:M 12 Apr 2026 10:30:52.956 * Ready to accept connections
8:signal-handler (1776009039) Received SIGTERM scheduling shutdown...
8:M 12 Apr 2026 18:50:39.093 # User requested shutdown...
8:M 12 Apr 2026 18:50:39.093 * Calling fsync() on the AOF file.
8:M 12 Apr 2026 18:50:39.093 * Saving the final RDB snapshot before exiting.
8:M 12 Apr 2026 18:50:39.104 * DB saved on disk
8:M 12 Apr 2026 18:50:39.104 # Redis is now ready to exit, bye bye...
